This file contains any messages produced by compilers while
running configure, to aid debugging if configure makes a mistake.

It was created by pd configure 0.43.0, which was
generated by GNU Autoconf 2.64.  Invocation command line was

  $ ./configure 

## --------- ##
## Platform. ##
## --------- ##

hostname = Richard-Eakins-MacBook-Pro.local
uname -m = i386
uname -r = 10.0.0
uname -s = Darwin
uname -v = Darwin Kernel Version 10.0.0: Fri Jul 31 22:47:34 PDT 2009; root:xnu-1456.1.25~1/RELEASE_I386

/usr/bin/uname -p = i386
/bin/uname -X     = unknown

/bin/arch              = unknown
/usr/bin/arch -k       = unknown
/usr/convex/getsysinfo = unknown
/usr/bin/hostinfo      = Mach kernel version:
	 Darwin Kernel Version 10.0.0: Fri Jul 31 22:47:34 PDT 2009; root:xnu-1456.1.25~1/RELEASE_I386
Kernel configured for up to 2 processors.
2 processors are physically available.
2 processors are logically available.
Processor type: i486 (Intel 80486)
Processors active: 0 1
Primary memory available: 4.00 gigabytes
Default processor set: 66 tasks, 288 threads, 2 processors
Load average: 0.86, Mach factor: 1.13
/bin/machine           = unknown
/usr/bin/oslevel       = unknown
/bin/universe          = unknown

PATH: /opt/local/bin
PATH: /opt/local/sbin
PATH: /usr/bin
PATH: /bin
PATH: /usr/sbin
PATH: /sbin
PATH: /usr/local/bin
PATH: /usr/X11/bin


## ----------- ##
## Core tests. ##
## ----------- ##

configure:2636: checking build system type
configure:2650: result: i386-apple-darwin10.0.0
configure:2670: checking host system type
configure:2683: result: i386-apple-darwin10.0.0
configure:2719: checking for a BSD-compatible install
configure:2787: result: /opt/local/bin/ginstall -c
configure:2798: checking whether build environment is sane
configure:2848: result: yes
configure:2989: checking for a thread-safe mkdir -p
configure:3028: result: /opt/local/bin/gmkdir -p
configure:3041: checking for gawk
configure:3071: result: no
configure:3041: checking for mawk
configure:3071: result: no
configure:3041: checking for nawk
configure:3071: result: no
configure:3041: checking for awk
configure:3057: found /usr/bin/awk
configure:3068: result: awk
configure:3079: checking whether make sets $(MAKE)
configure:3101: result: yes
configure:3648: checking for style of include used by make
configure:3676: result: GNU
configure:3746: checking for gcc
configure:3762: found /usr/bin/gcc
configure:3773: result: gcc
configure:4002: checking for C compiler version
configure:4011: gcc --version >&5
i686-apple-darwin10-gcc-4.2.1 (GCC) 4.2.1 (Apple Inc. build 5646)
Copyright (C) 2007 Free Software Foundation, Inc.
This is free software; see the source for copying conditions.  There is NO
warranty; not even for MERCHANTABILITY or FITNESS FOR A PARTICULAR PURPOSE.

configure:4022: $? = 0
configure:4011: gcc -v >&5
Using built-in specs.
Target: i686-apple-darwin10
Configured with: /var/tmp/gcc/gcc-5646~6/src/configure --disable-checking --enable-werror --prefix=/usr --mandir=/share/man --enable-languages=c,objc,c++,obj-c++ --program-transform-name=/^[cg][^.-]*$/s/$/-4.2/ --with-slibdir=/usr/lib --build=i686-apple-darwin10 --with-gxx-include-dir=/include/c++/4.2.1 --program-prefix=i686-apple-darwin10- --host=x86_64-apple-darwin10 --target=i686-apple-darwin10
Thread model: posix
gcc version 4.2.1 (Apple Inc. build 5646)
configure:4022: $? = 0
configure:4011: gcc -V >&5
gcc-4.2: argument to `-V' is missing
configure:4022: $? = 1
configure:4011: gcc -qversion >&5
i686-apple-darwin10-gcc-4.2.1: no input files
configure:4022: $? = 1
configure:4044: checking for C compiler default output file name
configure:4066: gcc -isysroot /Developer/SDKs/MacOSX10.5.sdk-fast -funroll-loops -fomit-frame-pointer  -L/sw/lib conftest.c  >&5
conftest.c:11:19: error: no include path in which to search for stdio.h
conftest.c: In function 'main':
conftest.c:15: error: 'FILE' undeclared (first use in this function)
conftest.c:15: error: (Each undeclared identifier is reported only once
conftest.c:15: error: for each function it appears in.)
conftest.c:15: error: 'f' undeclared (first use in this function)
configure:4070: $? = 1
configure:4107: result: 
configure: failed program was:
| /* confdefs.h */
| #define PACKAGE_NAME "pd"
| #define PACKAGE_TARNAME "pd"
| #define PACKAGE_VERSION "0.43.0"
| #define PACKAGE_STRING "pd 0.43.0"
| #define PACKAGE_BUGREPORT ""
| #define PACKAGE_URL ""
| #define PACKAGE "pd"
| #define VERSION "0.43.0"
| /* end confdefs.h.  */
| #include <stdio.h>
| int
| main ()
| {
| FILE *f = fopen ("conftest.out", "w");
|  return ferror (f) || fclose (f) != 0;
| 
|   ;
|   return 0;
| }
configure:4113: error: in `/Users/richardeakin/Downloads/src/pd-gui-rewrite-0.43':
configure:4117: error: C compiler cannot create executables
See `config.log' for more details.

## ---------------- ##
## Cache variables. ##
## ---------------- ##

ac_cv_build=i386-apple-darwin10.0.0
ac_cv_env_CCC_set=
ac_cv_env_CCC_value=
ac_cv_env_CC_set=
ac_cv_env_CC_value=
ac_cv_env_CFLAGS_set=set
ac_cv_env_CFLAGS_value='-isysroot /Developer/SDKs/MacOSX10.5.sdk'
ac_cv_env_CPPFLAGS_set=
ac_cv_env_CPPFLAGS_value=
ac_cv_env_CPP_set=
ac_cv_env_CPP_value=
ac_cv_env_CXXCPP_set=
ac_cv_env_CXXCPP_value=
ac_cv_env_CXXFLAGS_set=
ac_cv_env_CXXFLAGS_value=
ac_cv_env_CXX_set=
ac_cv_env_CXX_value=
ac_cv_env_LDFLAGS_set=
ac_cv_env_LDFLAGS_value=
ac_cv_env_LIBS_set=
ac_cv_env_LIBS_value=
ac_cv_env_build_alias_set=
ac_cv_env_build_alias_value=
ac_cv_env_host_alias_set=
ac_cv_env_host_alias_value=
ac_cv_env_target_alias_set=
ac_cv_env_target_alias_value=
ac_cv_host=i386-apple-darwin10.0.0
ac_cv_path_install='/opt/local/bin/ginstall -c'
ac_cv_path_mkdir=/opt/local/bin/gmkdir
ac_cv_prog_AWK=awk
ac_cv_prog_ac_ct_CC=gcc
ac_cv_prog_make_make_set=yes

## ----------------- ##
## Output variables. ##
## ----------------- ##

ACLOCAL='${SHELL} /Users/richardeakin/Downloads/src/pd-gui-rewrite-0.43/missing --run aclocal-1.11'
ALLOCA=''
ALSA_FALSE=''
ALSA_TRUE=''
AMDEPBACKSLASH='\'
AMDEP_FALSE='#'
AMDEP_TRUE=''
AMTAR='${SHELL} /Users/richardeakin/Downloads/src/pd-gui-rewrite-0.43/missing --run tar'
ANDROID_FALSE=''
ANDROID_TRUE='#'
AR=''
AS='as'
ASIO_FALSE=''
ASIO_TRUE=''
AUTOCONF='${SHELL} /Users/richardeakin/Downloads/src/pd-gui-rewrite-0.43/missing --run autoconf'
AUTOHEADER='${SHELL} /Users/richardeakin/Downloads/src/pd-gui-rewrite-0.43/missing --run autoheader'
AUTOMAKE='${SHELL} /Users/richardeakin/Downloads/src/pd-gui-rewrite-0.43/missing --run automake-1.11'
AWK='awk'
CC='gcc'
CCDEPMODE=''
CFLAGS='-isysroot /Developer/SDKs/MacOSX10.5.sdk-fast -funroll-loops -fomit-frame-pointer'
COREAUDIO_FALSE=''
COREAUDIO_TRUE=''
CPP=''
CPPFLAGS=''
CXX=''
CXXCPP=''
CXXDEPMODE=''
CXXFLAGS=''
CYGPATH_W='echo'
CYGWIN_FALSE=''
CYGWIN_TRUE='#'
DEFS=''
DEPDIR='.deps'
DLLTOOL='dlltool'
DSYMUTIL=''
DUMPBIN=''
ECHO_C='\c'
ECHO_N=''
ECHO_T=''
EGREP=''
EXEEXT=''
EXTERNTARGET=''
FFTW_FALSE=''
FFTW_TRUE=''
FGREP=''
GREP=''
HAVE_MSGFMT=''
INCLUDES='-I/sw/include'
INSTALL_DATA='${INSTALL} -m 644'
INSTALL_PROGRAM='${INSTALL}'
INSTALL_SCRIPT='${INSTALL}'
INSTALL_STRIP_PROGRAM='$(install_sh) -c -s'
IPHONEOS_FALSE=''
IPHONEOS_TRUE='#'
JACK_FALSE=''
JACK_TRUE=''
LD=''
LDFLAGS='-L/sw/lib'
LIBOBJS=''
LIBS=''
LIBTOOL=''
LINUX_FALSE=''
LINUX_TRUE='#'
LIPO=''
LN_S=''
LTLIBOBJS=''
MACOSX_FALSE='#'
MACOSX_TRUE=''
MAKEINFO='${SHELL} /Users/richardeakin/Downloads/src/pd-gui-rewrite-0.43/missing --run makeinfo'
MINGW_FALSE=''
MINGW_TRUE='#'
MKDIR_P='/opt/local/bin/gmkdir -p'
MSGFMT_FALSE=''
MSGFMT_TRUE=''
NM=''
NMEDIT=''
OBJDUMP='objdump'
OBJEXT=''
OSS_FALSE=''
OSS_TRUE=''
OTOOL64=''
OTOOL=''
PACKAGE='pd'
PACKAGE_BUGREPORT=''
PACKAGE_NAME='pd'
PACKAGE_STRING='pd 0.43.0'
PACKAGE_TARNAME='pd'
PACKAGE_URL=''
PACKAGE_VERSION='0.43.0'
PATH_SEPARATOR=':'
PORTAUDIO_FALSE=''
PORTAUDIO_TRUE=''
PORTMIDI_FALSE=''
PORTMIDI_TRUE=''
RANLIB=''
SED=''
SET_MAKE=''
SHELL='/bin/sh'
STRIP=''
UNIVERSAL_FALSE=''
UNIVERSAL_TRUE=''
VERSION='0.43.0'
WINDOWS_FALSE=''
WINDOWS_TRUE='#'
ac_ct_CC='gcc'
ac_ct_CXX=''
ac_ct_DUMPBIN=''
am__EXEEXT_FALSE=''
am__EXEEXT_TRUE=''
am__fastdepCC_FALSE=''
am__fastdepCC_TRUE=''
am__fastdepCXX_FALSE=''
am__fastdepCXX_TRUE=''
am__include='include'
am__isrc=''
am__leading_dot='.'
am__quote=''
am__tar='${AMTAR} chof - "$$tardir"'
am__untar='${AMTAR} xf -'
bindir='${exec_prefix}/bin'
build='i386-apple-darwin10.0.0'
build_alias=''
build_cpu='i386'
build_os='darwin10.0.0'
build_vendor='apple'
datadir='${datarootdir}'
datarootdir='${prefix}/share'
docdir='${datarootdir}/doc/${PACKAGE_TARNAME}'
dvidir='${docdir}'
exec_prefix='NONE'
host='i386-apple-darwin10.0.0'
host_alias=''
host_cpu='i386'
host_os='darwin10.0.0'
host_vendor='apple'
htmldir='${docdir}'
includedir='${prefix}/include'
infodir='${datarootdir}/info'
install_sh='${SHELL} /Users/richardeakin/Downloads/src/pd-gui-rewrite-0.43/install-sh'
libdir='${exec_prefix}/lib'
libexecdir='${exec_prefix}/libexec'
localedir='${datarootdir}/locale'
localstatedir='${prefix}/var'
lt_ECHO='/bin/echo'
mandir='${datarootdir}/man'
mkdir_p='/opt/local/bin/gmkdir -p'
oldincludedir='/usr/include'
pdfdir='${docdir}'
prefix='NONE'
program_transform_name='s,x,x,'
psdir='${docdir}'
sbindir='${exec_prefix}/sbin'
sharedstatedir='${prefix}/com'
sysconfdir='${prefix}/etc'
target_alias=''

## ----------- ##
## confdefs.h. ##
## ----------- ##

/* confdefs.h */
#define PACKAGE_NAME "pd"
#define PACKAGE_TARNAME "pd"
#define PACKAGE_VERSION "0.43.0"
#define PACKAGE_STRING "pd 0.43.0"
#define PACKAGE_BUGREPORT ""
#define PACKAGE_URL ""
#define PACKAGE "pd"
#define VERSION "0.43.0"

configure: exit 77
