This file contains any messages produced by compilers while
running configure, to aid debugging if configure makes a mistake.

It was created by FULL-PACKAGE-NAME configure VERSION, which was
generated by GNU Autoconf 2.61.  Invocation command line was

  $ ./configure --disable-PIC --enable-fat-binary=i386 --with-pd=/Applications/Pd-0.42-5.app/Contents/Resources/

## --------- ##
## Platform. ##
## --------- ##

hostname = Jaime-Olivers-MacBook-Pro.local
uname -m = i386
uname -r = 10.0.0
uname -s = Darwin
uname -v = Darwin Kernel Version 10.0.0: Fri Jul 31 22:47:34 PDT 2009; root:xnu-1456.1.25~1/RELEASE_I386

/usr/bin/uname -p = i386
/bin/uname -X     = unknown

/bin/arch              = unknown
/usr/bin/arch -k       = unknown
/usr/convex/getsysinfo = unknown
/usr/bin/hostinfo      = Mach kernel version:
	 Darwin Kernel Version 10.0.0: Fri Jul 31 22:47:34 PDT 2009; root:xnu-1456.1.25~1/RELEASE_I386
Kernel configured for up to 2 processors.
2 processors are physically available.
2 processors are logically available.
Processor type: i486 (Intel 80486)
Processors active: 0 1
Primary memory available: 2.00 gigabytes
Default processor set: 60 tasks, 269 threads, 2 processors
Load average: 0.70, Mach factor: 1.45
/bin/machine           = unknown
/usr/bin/oslevel       = unknown
/bin/universe          = unknown

PATH: /usr/bin
PATH: /bin
PATH: /usr/sbin
PATH: /sbin
PATH: /usr/local/bin
PATH: /usr/texbin
PATH: /usr/X11/bin


## ----------- ##
## Core tests. ##
## ----------- ##

configure:1968: checking for Base/configDarwin.h.in
configure:1984: result: yes
configure:2086: checking for g++
configure:2102: found /usr/bin/g++
configure:2113: result: g++
configure:2144: checking for C++ compiler version
configure:2151: g++ --version >&5
i686-apple-darwin10-g++-4.2.1 (GCC) 4.2.1 (Apple Inc. build 5646) (dot 1)
Copyright (C) 2007 Free Software Foundation, Inc.
This is free software; see the source for copying conditions.  There is NO
warranty; not even for MERCHANTABILITY or FITNESS FOR A PARTICULAR PURPOSE.

configure:2154: $? = 0
configure:2161: g++ -v >&5
Using built-in specs.
Target: i686-apple-darwin10
Configured with: /var/tmp/gcc/gcc-5646.1~2/src/configure --disable-checking --enable-werror --prefix=/usr --mandir=/share/man --enable-languages=c,objc,c++,obj-c++ --program-transform-name=/^[cg][^.-]*$/s/$/-4.2/ --with-slibdir=/usr/lib --build=i686-apple-darwin10 --with-gxx-include-dir=/include/c++/4.2.1 --program-prefix=i686-apple-darwin10- --host=x86_64-apple-darwin10 --target=i686-apple-darwin10
Thread model: posix
gcc version 4.2.1 (Apple Inc. build 5646) (dot 1)
configure:2164: $? = 0
configure:2171: g++ -V >&5
g++-4.2: argument to `-V' is missing
configure:2174: $? = 1
configure:2197: checking for C++ compiler default output file name
configure:2224: g++    conftest.cpp  >&5
configure:2227: $? = 0
configure:2265: result: a.out
configure:2282: checking whether the C++ compiler works
configure:2292: ./a.out
configure:2295: $? = 0
configure:2312: result: yes
configure:2319: checking whether we are cross compiling
configure:2321: result: no
configure:2324: checking for suffix of executables
configure:2331: g++ -o conftest    conftest.cpp  >&5
configure:2334: $? = 0
configure:2358: result: 
configure:2364: checking for suffix of object files
configure:2390: g++ -c   conftest.cpp >&5
configure:2393: $? = 0
configure:2416: result: o
configure:2420: checking whether we are using the GNU C++ compiler
configure:2449: g++ -c   conftest.cpp >&5
configure:2455: $? = 0
configure:2472: result: yes
configure:2477: checking whether g++ accepts -g
configure:2507: g++ -c -g  conftest.cpp >&5
configure:2513: $? = 0
configure:2612: result: yes
configure:2679: checking for a BSD-compatible install
configure:2735: result: /usr/bin/install -c
configure:2746: checking whether ln -s works
configure:2750: result: yes
configure:2909: result: building Gem with Controls-objects
configure:2930: result: building Gem with Geos-objects
configure:2951: result: building Gem with Manips-objects
configure:2972: result: building Gem with Nongeos-objects
configure:2993: result: building Gem with Particles-objects
configure:3014: result: building Gem with Pixes-objects
configure:3035: result: building Gem with openGL-objects
configure:3055: result: building Gem without Vertex-objects
configure:3065: checking for sin in -lm
configure:3100: g++ -o conftest -g -O2   conftest.cpp -lm   >&5
configure:3106: $? = 0
configure:3124: result: yes
configure:3136: checking for main in -lz
configure:3165: g++ -o conftest -g -O2   conftest.cpp -lz  -lm  >&5
configure:3171: $? = 0
configure:3189: result: yes
configure:3201: checking for dlopen in -ldl
configure:3236: g++ -o conftest -g -O2   conftest.cpp -ldl  -lz -lm  >&5
configure:3242: $? = 0
configure:3260: result: yes
configure:3287: checking how to run the C++ preprocessor
configure:3323: g++ -E  conftest.cpp
configure:3329: $? = 0
configure:3360: g++ -E  conftest.cpp
conftest.cpp:12:28: error: ac_nonexistent.h: No such file or directory
configure:3366: $? = 1
configure: failed program was:
| /* confdefs.h.  */
| #define PACKAGE_NAME "FULL-PACKAGE-NAME"
| #define PACKAGE_TARNAME "full-package-name"
| #define PACKAGE_VERSION "VERSION"
| #define PACKAGE_STRING "FULL-PACKAGE-NAME VERSION"
| #define PACKAGE_BUGREPORT "BUG-REPORT-ADDRESS"
| #define HAVE_BASE_CONFIGDARWIN_H_IN 1
| #define HAVE_LIBM 1
| #define HAVE_LIBZ 1
| #define HAVE_LIBDL 1
| /* end confdefs.h.  */
| #include <ac_nonexistent.h>
configure:3399: result: g++ -E
configure:3428: g++ -E  conftest.cpp
configure:3434: $? = 0
configure:3465: g++ -E  conftest.cpp
conftest.cpp:12:28: error: ac_nonexistent.h: No such file or directory
configure:3471: $? = 1
configure: failed program was:
| /* confdefs.h.  */
| #define PACKAGE_NAME "FULL-PACKAGE-NAME"
| #define PACKAGE_TARNAME "full-package-name"
| #define PACKAGE_VERSION "VERSION"
| #define PACKAGE_STRING "FULL-PACKAGE-NAME VERSION"
| #define PACKAGE_BUGREPORT "BUG-REPORT-ADDRESS"
| #define HAVE_BASE_CONFIGDARWIN_H_IN 1
| #define HAVE_LIBM 1
| #define HAVE_LIBZ 1
| #define HAVE_LIBDL 1
| /* end confdefs.h.  */
| #include <ac_nonexistent.h>
configure:3509: checking for X
configure:3733: result: disabled
configure:5099: checking for "OpenGL"-framework
configure:5126: g++ -o conftest -g -O2  -framework OpenGL  conftest.cpp -ldl -lz -lm   >&5
configure:5132: $? = 0
configure:5150: result: yes
configure:5315: checking for "AGL"-framework
configure:5342: g++ -o conftest -g -O2  -framework AGL -framework OpenGL  conftest.cpp -ldl -lz -lm   >&5
configure:5348: $? = 0
configure:5366: result: yes
configure:5382: checking for main in -lstdc++
configure:5411: g++ -o conftest -g -O2  -framework AGL -framework OpenGL  conftest.cpp -lstdc++  -ldl -lz -lm   >&5
configure:5417: $? = 0
configure:5435: result: yes
configure:5448: checking for "Carbon"-framework
configure:5475: g++ -o conftest -g -O2  -framework Carbon -framework AGL -framework OpenGL  conftest.cpp -lstdc++ -ldl -lz -lm   >&5
configure:5481: $? = 0
configure:5499: result: yes
configure:5510: checking for "QuickTime"-framework
configure:5537: g++ -o conftest -g -O2  -framework QuickTime -framework Carbon -framework AGL -framework OpenGL  conftest.cpp -lstdc++ -ldl -lz -lm   >&5
ld: warning: in /System/Library/Frameworks//QuickTime.framework/QuickTime, missing required architecture x86_64 in file
configure:5543: $? = 0
configure:5561: result: yes
configure:5639: checking for pkg-config
configure:5672: result: no
configure:5758: checking for PKG_IMAGEMAGICK___CFLAGS
configure:5779: result: 
configure:5781: checking for PKG_IMAGEMAGICK___LIBS
configure:5802: result: 
configure:5851: checking for ImageMagick++-config
configure:5862: result: no
configure:5896: checking for main in -lMagick++
configure:5925: g++ -o conftest -g -O2  -framework QuickTime -framework Carbon -framework AGL -framework OpenGL  conftest.cpp -lMagick++  -lstdc++ -ldl -lz -lm   >&5
ld: library not found for -lMagick++
collect2: ld returned 1 exit status
configure:5931: $? = 1
configure: failed program was:
| /* confdefs.h.  */
| #define PACKAGE_NAME "FULL-PACKAGE-NAME"
| #define PACKAGE_TARNAME "full-package-name"
| #define PACKAGE_VERSION "VERSION"
| #define PACKAGE_STRING "FULL-PACKAGE-NAME VERSION"
| #define PACKAGE_BUGREPORT "BUG-REPORT-ADDRESS"
| #define HAVE_BASE_CONFIGDARWIN_H_IN 1
| #define HAVE_LIBM 1
| #define HAVE_LIBZ 1
| #define HAVE_LIBDL 1
| #define X_DISPLAY_MISSING 1
| #define HAVE_LIBSTDC__ 1
| /* end confdefs.h.  */
| 
| 
| int
| main ()
| {
| return main ();
|   ;
|   return 0;
| }
configure:5949: result: no
configure:6055: checking for PKG_TIFF_CFLAGS
configure:6076: result: 
configure:6078: checking for PKG_TIFF_LIBS
configure:6099: result: 
configure:6148: checking for tiff-config
configure:6159: result: no
configure:6193: checking for TIFFOpen in -ltiff
configure:6228: g++ -o conftest -g -O2  -framework QuickTime -framework Carbon -framework AGL -framework OpenGL  conftest.cpp -ltiff  -lstdc++ -ldl -lz -lm   >&5
ld: library not found for -ltiff
collect2: ld returned 1 exit status
configure:6234: $? = 1
configure: failed program was:
| /* confdefs.h.  */
| #define PACKAGE_NAME "FULL-PACKAGE-NAME"
| #define PACKAGE_TARNAME "full-package-name"
| #define PACKAGE_VERSION "VERSION"
| #define PACKAGE_STRING "FULL-PACKAGE-NAME VERSION"
| #define PACKAGE_BUGREPORT "BUG-REPORT-ADDRESS"
| #define HAVE_BASE_CONFIGDARWIN_H_IN 1
| #define HAVE_LIBM 1
| #define HAVE_LIBZ 1
| #define HAVE_LIBDL 1
| #define X_DISPLAY_MISSING 1
| #define HAVE_LIBSTDC__ 1
| /* end confdefs.h.  */
| 
| /* Override any GCC internal prototype to avoid an error.
|    Use char because int might match the return type of a GCC
|    builtin and then its argument prototype would still apply.  */
| #ifdef __cplusplus
| extern "C"
| #endif
| char TIFFOpen ();
| int
| main ()
| {
| return TIFFOpen ();
|   ;
|   return 0;
| }
configure:6252: result: no
configure:6350: checking for PKG_JPEG_CFLAGS
configure:6371: result: 
configure:6373: checking for PKG_JPEG_LIBS
configure:6394: result: 
configure:6443: checking for jpeg-config
configure:6454: result: no
configure:6488: checking for jpeg_read_header in -ljpeg
configure:6523: g++ -o conftest -g -O2  -framework QuickTime -framework Carbon -framework AGL -framework OpenGL  conftest.cpp -ljpeg  -lstdc++ -ldl -lz -lm   >&5
ld: library not found for -ljpeg
collect2: ld returned 1 exit status
configure:6529: $? = 1
configure: failed program was:
| /* confdefs.h.  */
| #define PACKAGE_NAME "FULL-PACKAGE-NAME"
| #define PACKAGE_TARNAME "full-package-name"
| #define PACKAGE_VERSION "VERSION"
| #define PACKAGE_STRING "FULL-PACKAGE-NAME VERSION"
| #define PACKAGE_BUGREPORT "BUG-REPORT-ADDRESS"
| #define HAVE_BASE_CONFIGDARWIN_H_IN 1
| #define HAVE_LIBM 1
| #define HAVE_LIBZ 1
| #define HAVE_LIBDL 1
| #define X_DISPLAY_MISSING 1
| #define HAVE_LIBSTDC__ 1
| /* end confdefs.h.  */
| 
| /* Override any GCC internal prototype to avoid an error.
|    Use char because int might match the return type of a GCC
|    builtin and then its argument prototype would still apply.  */
| #ifdef __cplusplus
| extern "C"
| #endif
| char jpeg_read_header ();
| int
| main ()
| {
| return jpeg_read_header ();
|   ;
|   return 0;
| }
configure:6547: result: no
configure:6647: checking for PKG_GMERLIN_AVDEC_CFLAGS
configure:6668: result: 
configure:6670: checking for PKG_GMERLIN_AVDEC_LIBS
configure:6691: result: 
configure:6740: checking for gmerlin_avdec-config
configure:6751: result: no
configure:6785: checking for gavl_start in -lgmerlin_avdec
configure:6820: g++ -o conftest -g -O2  -framework QuickTime -framework Carbon -framework AGL -framework OpenGL  conftest.cpp -lgmerlin_avdec  -lstdc++ -ldl -lz -lm   >&5
ld: library not found for -lgmerlin_avdec
collect2: ld returned 1 exit status
configure:6826: $? = 1
configure: failed program was:
| /* confdefs.h.  */
| #define PACKAGE_NAME "FULL-PACKAGE-NAME"
| #define PACKAGE_TARNAME "full-package-name"
| #define PACKAGE_VERSION "VERSION"
| #define PACKAGE_STRING "FULL-PACKAGE-NAME VERSION"
| #define PACKAGE_BUGREPORT "BUG-REPORT-ADDRESS"
| #define HAVE_BASE_CONFIGDARWIN_H_IN 1
| #define HAVE_LIBM 1
| #define HAVE_LIBZ 1
| #define HAVE_LIBDL 1
| #define X_DISPLAY_MISSING 1
| #define HAVE_LIBSTDC__ 1
| /* end confdefs.h.  */
| 
| /* Override any GCC internal prototype to avoid an error.
|    Use char because int might match the return type of a GCC
|    builtin and then its argument prototype would still apply.  */
| #ifdef __cplusplus
| extern "C"
| #endif
| char gavl_start ();
| int
| main ()
| {
| return gavl_start ();
|   ;
|   return 0;
| }
configure:6844: result: no
configure:7558: checking for PKG_LIBMPEG3_CFLAGS
configure:7579: result: 
configure:7581: checking for PKG_LIBMPEG3_LIBS
configure:7602: result: 
configure:7651: checking for libmpeg3-config
configure:7662: result: no
configure:7696: checking for mpeg3_check_sig in -lmpeg3
configure:7731: g++ -o conftest -g -O2  -framework QuickTime -framework Carbon -framework AGL -framework OpenGL  conftest.cpp -lmpeg3  -lstdc++ -ldl -lz -lm   >&5
ld: library not found for -lmpeg3
collect2: ld returned 1 exit status
configure:7737: $? = 1
configure: failed program was:
| /* confdefs.h.  */
| #define PACKAGE_NAME "FULL-PACKAGE-NAME"
| #define PACKAGE_TARNAME "full-package-name"
| #define PACKAGE_VERSION "VERSION"
| #define PACKAGE_STRING "FULL-PACKAGE-NAME VERSION"
| #define PACKAGE_BUGREPORT "BUG-REPORT-ADDRESS"
| #define HAVE_BASE_CONFIGDARWIN_H_IN 1
| #define HAVE_LIBM 1
| #define HAVE_LIBZ 1
| #define HAVE_LIBDL 1
| #define X_DISPLAY_MISSING 1
| #define HAVE_LIBSTDC__ 1
| /* end confdefs.h.  */
| 
| /* Override any GCC internal prototype to avoid an error.
|    Use char because int might match the return type of a GCC
|    builtin and then its argument prototype would still apply.  */
| #ifdef __cplusplus
| extern "C"
| #endif
| char mpeg3_check_sig ();
| int
| main ()
| {
| return mpeg3_check_sig ();
|   ;
|   return 0;
| }
configure:7755: result: no
configure:7853: checking for PKG_MPEG_CFLAGS
configure:7874: result: 
configure:7876: checking for PKG_MPEG_LIBS
configure:7897: result: 
configure:7946: checking for mpeg-config
configure:7957: result: no
configure:7991: checking for OpenMPEG in -lmpeg
configure:8026: g++ -o conftest -g -O2  -framework QuickTime -framework Carbon -framework AGL -framework OpenGL  conftest.cpp -lmpeg  -lstdc++ -ldl -lz -lm   >&5
ld: library not found for -lmpeg
collect2: ld returned 1 exit status
configure:8032: $? = 1
configure: failed program was:
| /* confdefs.h.  */
| #define PACKAGE_NAME "FULL-PACKAGE-NAME"
| #define PACKAGE_TARNAME "full-package-name"
| #define PACKAGE_VERSION "VERSION"
| #define PACKAGE_STRING "FULL-PACKAGE-NAME VERSION"
| #define PACKAGE_BUGREPORT "BUG-REPORT-ADDRESS"
| #define HAVE_BASE_CONFIGDARWIN_H_IN 1
| #define HAVE_LIBM 1
| #define HAVE_LIBZ 1
| #define HAVE_LIBDL 1
| #define X_DISPLAY_MISSING 1
| #define HAVE_LIBSTDC__ 1
| /* end confdefs.h.  */
| 
| /* Override any GCC internal prototype to avoid an error.
|    Use char because int might match the return type of a GCC
|    builtin and then its argument prototype would still apply.  */
| #ifdef __cplusplus
| extern "C"
| #endif
| char OpenMPEG ();
| int
| main ()
| {
| return OpenMPEG ();
|   ;
|   return 0;
| }
configure:8050: result: no
configure:8148: checking for PKG_AVIFILE_CFLAGS
configure:8169: result: 
configure:8171: checking for PKG_AVIFILE_LIBS
configure:8192: result: 
configure:8241: checking for avifile-config
configure:8252: result: no
configure:8286: checking for CreateIAviReadFile in -laviplay
configure:8321: g++ -o conftest -g -O2  -framework QuickTime -framework Carbon -framework AGL -framework OpenGL  conftest.cpp -laviplay  -lstdc++ -ldl -lz -lm   >&5
ld: library not found for -laviplay
collect2: ld returned 1 exit status
configure:8327: $? = 1
configure: failed program was:
| /* confdefs.h.  */
| #define PACKAGE_NAME "FULL-PACKAGE-NAME"
| #define PACKAGE_TARNAME "full-package-name"
| #define PACKAGE_VERSION "VERSION"
| #define PACKAGE_STRING "FULL-PACKAGE-NAME VERSION"
| #define PACKAGE_BUGREPORT "BUG-REPORT-ADDRESS"
| #define HAVE_BASE_CONFIGDARWIN_H_IN 1
| #define HAVE_LIBM 1
| #define HAVE_LIBZ 1
| #define HAVE_LIBDL 1
| #define X_DISPLAY_MISSING 1
| #define HAVE_LIBSTDC__ 1
| /* end confdefs.h.  */
| 
| /* Override any GCC internal prototype to avoid an error.
|    Use char because int might match the return type of a GCC
|    builtin and then its argument prototype would still apply.  */
| #ifdef __cplusplus
| extern "C"
| #endif
| char CreateIAviReadFile ();
| int
| main ()
| {
| return CreateIAviReadFile ();
|   ;
|   return 0;
| }
configure:8345: result: no
configure:8413: checking for grep that handles long lines and -e
configure:8487: result: /usr/bin/grep
configure:8492: checking for egrep
configure:8570: result: /usr/bin/grep -E
configure:8575: checking for ANSI C header files
configure:8605: g++ -c -g -O2  conftest.cpp >&5
configure:8611: $? = 0
configure:8710: g++ -o conftest -g -O2  -framework QuickTime -framework Carbon -framework AGL -framework OpenGL  conftest.cpp -lstdc++ -ldl -lz -lm   >&5
ld: warning: in /System/Library/Frameworks//QuickTime.framework/QuickTime, missing required architecture x86_64 in file
configure:8713: $? = 0
configure:8719: ./conftest
configure:8722: $? = 0
configure:8739: result: yes
configure:8763: checking for sys/types.h
configure:8784: g++ -c -g -O2  conftest.cpp >&5
configure:8790: $? = 0
configure:8806: result: yes
configure:8763: checking for sys/stat.h
configure:8784: g++ -c -g -O2  conftest.cpp >&5
configure:8790: $? = 0
configure:8806: result: yes
configure:8763: checking for stdlib.h
configure:8784: g++ -c -g -O2  conftest.cpp >&5
configure:8790: $? = 0
configure:8806: result: yes
configure:8763: checking for string.h
configure:8784: g++ -c -g -O2  conftest.cpp >&5
configure:8790: $? = 0
configure:8806: result: yes
configure:8763: checking for memory.h
configure:8784: g++ -c -g -O2  conftest.cpp >&5
configure:8790: $? = 0
configure:8806: result: yes
configure:8763: checking for strings.h
configure:8784: g++ -c -g -O2  conftest.cpp >&5
configure:8790: $? = 0
configure:8806: result: yes
configure:8763: checking for inttypes.h
configure:8784: g++ -c -g -O2  conftest.cpp >&5
configure:8790: $? = 0
configure:8806: result: yes
configure:8763: checking for stdint.h
configure:8784: g++ -c -g -O2  conftest.cpp >&5
configure:8790: $? = 0
configure:8806: result: yes
configure:8763: checking for unistd.h
configure:8784: g++ -c -g -O2  conftest.cpp >&5
configure:8790: $? = 0
configure:8806: result: yes
configure:8828: checking linux/videodev.h usability
configure:8845: g++ -c -g -O2  conftest.cpp >&5
conftest.cpp:57:28: error: linux/videodev.h: No such file or directory
configure:8851: $? = 1
configure: failed program was:
| /* confdefs.h.  */
| #define PACKAGE_NAME "FULL-PACKAGE-NAME"
| #define PACKAGE_TARNAME "full-package-name"
| #define PACKAGE_VERSION "VERSION"
| #define PACKAGE_STRING "FULL-PACKAGE-NAME VERSION"
| #define PACKAGE_BUGREPORT "BUG-REPORT-ADDRESS"
| #define HAVE_BASE_CONFIGDARWIN_H_IN 1
| #define HAVE_LIBM 1
| #define HAVE_LIBZ 1
| #define HAVE_LIBDL 1
| #define X_DISPLAY_MISSING 1
| #define HAVE_LIBSTDC__ 1
| #define STDC_HEADERS 1
| #define HAVE_SYS_TYPES_H 1
| #define HAVE_SYS_STAT_H 1
| #define HAVE_STDLIB_H 1
| #define HAVE_STRING_H 1
| #define HAVE_MEMORY_H 1
| #define HAVE_STRINGS_H 1
| #define HAVE_INTTYPES_H 1
| #define HAVE_STDINT_H 1
| #define HAVE_UNISTD_H 1
| /* end confdefs.h.  */
| #include <stdio.h>
| #ifdef HAVE_SYS_TYPES_H
| # include <sys/types.h>
| #endif
| #ifdef HAVE_SYS_STAT_H
| # include <sys/stat.h>
| #endif
| #ifdef STDC_HEADERS
| # include <stdlib.h>
| # include <stddef.h>
| #else
| # ifdef HAVE_STDLIB_H
| #  include <stdlib.h>
| # endif
| #endif
| #ifdef HAVE_STRING_H
| # if !defined STDC_HEADERS && defined HAVE_MEMORY_H
| #  include <memory.h>
| # endif
| # include <string.h>
| #endif
| #ifdef HAVE_STRINGS_H
| # include <strings.h>
| #endif
| #ifdef HAVE_INTTYPES_H
| # include <inttypes.h>
| #endif
| #ifdef HAVE_STDINT_H
| # include <stdint.h>
| #endif
| #ifdef HAVE_UNISTD_H
| # include <unistd.h>
| #endif
| #include <linux/videodev.h>
configure:8865: result: no
configure:8869: checking linux/videodev.h presence
configure:8884: g++ -E  conftest.cpp
conftest.cpp:24:28: error: linux/videodev.h: No such file or directory
configure:8890: $? = 1
configure: failed program was:
| /* confdefs.h.  */
| #define PACKAGE_NAME "FULL-PACKAGE-NAME"
| #define PACKAGE_TARNAME "full-package-name"
| #define PACKAGE_VERSION "VERSION"
| #define PACKAGE_STRING "FULL-PACKAGE-NAME VERSION"
| #define PACKAGE_BUGREPORT "BUG-REPORT-ADDRESS"
| #define HAVE_BASE_CONFIGDARWIN_H_IN 1
| #define HAVE_LIBM 1
| #define HAVE_LIBZ 1
| #define HAVE_LIBDL 1
| #define X_DISPLAY_MISSING 1
| #define HAVE_LIBSTDC__ 1
| #define STDC_HEADERS 1
| #define HAVE_SYS_TYPES_H 1
| #define HAVE_SYS_STAT_H 1
| #define HAVE_STDLIB_H 1
| #define HAVE_STRING_H 1
| #define HAVE_MEMORY_H 1
| #define HAVE_STRINGS_H 1
| #define HAVE_INTTYPES_H 1
| #define HAVE_STDINT_H 1
| #define HAVE_UNISTD_H 1
| /* end confdefs.h.  */
| #include <linux/videodev.h>
configure:8904: result: no
configure:8937: checking for linux/videodev.h
configure:8944: result: no
configure:9011: checking for PKG_LIBV4L1_CFLAGS
configure:9032: result: 
configure:9034: checking for PKG_LIBV4L1_LIBS
configure:9055: result: 
configure:9104: checking for libv4l1-config
configure:9115: result: no
configure:9149: checking for v4l1_open in -llibv4l1
configure:9184: g++ -o conftest -g -O2  -framework QuickTime -framework Carbon -framework AGL -framework OpenGL  conftest.cpp -llibv4l1  -lstdc++ -ldl -lz -lm   >&5
ld: library not found for -llibv4l1
collect2: ld returned 1 exit status
configure:9190: $? = 1
configure: failed program was:
| /* confdefs.h.  */
| #define PACKAGE_NAME "FULL-PACKAGE-NAME"
| #define PACKAGE_TARNAME "full-package-name"
| #define PACKAGE_VERSION "VERSION"
| #define PACKAGE_STRING "FULL-PACKAGE-NAME VERSION"
| #define PACKAGE_BUGREPORT "BUG-REPORT-ADDRESS"
| #define HAVE_BASE_CONFIGDARWIN_H_IN 1
| #define HAVE_LIBM 1
| #define HAVE_LIBZ 1
| #define HAVE_LIBDL 1
| #define X_DISPLAY_MISSING 1
| #define HAVE_LIBSTDC__ 1
| #define STDC_HEADERS 1
| #define HAVE_SYS_TYPES_H 1
| #define HAVE_SYS_STAT_H 1
| #define HAVE_STDLIB_H 1
| #define HAVE_STRING_H 1
| #define HAVE_MEMORY_H 1
| #define HAVE_STRINGS_H 1
| #define HAVE_INTTYPES_H 1
| #define HAVE_STDINT_H 1
| #define HAVE_UNISTD_H 1
| /* end confdefs.h.  */
| 
| /* Override any GCC internal prototype to avoid an error.
|    Use char because int might match the return type of a GCC
|    builtin and then its argument prototype would still apply.  */
| #ifdef __cplusplus
| extern "C"
| #endif
| char v4l1_open ();
| int
| main ()
| {
| return v4l1_open ();
|   ;
|   return 0;
| }
configure:9208: result: no
configure:9306: checking for PKG_LIBV4L2_CFLAGS
configure:9327: result: 
configure:9329: checking for PKG_LIBV4L2_LIBS
configure:9350: result: 
configure:9399: checking for libv4l2-config
configure:9410: result: no
configure:9444: checking for v4l2_open in -llibv4l2
configure:9479: g++ -o conftest -g -O2  -framework QuickTime -framework Carbon -framework AGL -framework OpenGL  conftest.cpp -llibv4l2  -lstdc++ -ldl -lz -lm   >&5
ld: library not found for -llibv4l2
collect2: ld returned 1 exit status
configure:9485: $? = 1
configure: failed program was:
| /* confdefs.h.  */
| #define PACKAGE_NAME "FULL-PACKAGE-NAME"
| #define PACKAGE_TARNAME "full-package-name"
| #define PACKAGE_VERSION "VERSION"
| #define PACKAGE_STRING "FULL-PACKAGE-NAME VERSION"
| #define PACKAGE_BUGREPORT "BUG-REPORT-ADDRESS"
| #define HAVE_BASE_CONFIGDARWIN_H_IN 1
| #define HAVE_LIBM 1
| #define HAVE_LIBZ 1
| #define HAVE_LIBDL 1
| #define X_DISPLAY_MISSING 1
| #define HAVE_LIBSTDC__ 1
| #define STDC_HEADERS 1
| #define HAVE_SYS_TYPES_H 1
| #define HAVE_SYS_STAT_H 1
| #define HAVE_STDLIB_H 1
| #define HAVE_STRING_H 1
| #define HAVE_MEMORY_H 1
| #define HAVE_STRINGS_H 1
| #define HAVE_INTTYPES_H 1
| #define HAVE_STDINT_H 1
| #define HAVE_UNISTD_H 1
| /* end confdefs.h.  */
| 
| /* Override any GCC internal prototype to avoid an error.
|    Use char because int might match the return type of a GCC
|    builtin and then its argument prototype would still apply.  */
| #ifdef __cplusplus
| extern "C"
| #endif
| char v4l2_open ();
| int
| main ()
| {
| return v4l2_open ();
|   ;
|   return 0;
| }
configure:9503: result: no
configure:9605: checking for PKG_IEEE1394_CFLAGS
configure:9626: result: 
configure:9628: checking for PKG_IEEE1394_LIBS
configure:9649: result: 
configure:9698: checking for ieee1394-config
configure:9709: result: no
configure:9743: checking for main in -ldv
configure:9772: g++ -o conftest -g -O2  -framework QuickTime -framework Carbon -framework AGL -framework OpenGL  conftest.cpp -ldv  -lstdc++ -ldl -lz -lm   >&5
ld: library not found for -ldv
collect2: ld returned 1 exit status
configure:9778: $? = 1
configure: failed program was:
| /* confdefs.h.  */
| #define PACKAGE_NAME "FULL-PACKAGE-NAME"
| #define PACKAGE_TARNAME "full-package-name"
| #define PACKAGE_VERSION "VERSION"
| #define PACKAGE_STRING "FULL-PACKAGE-NAME VERSION"
| #define PACKAGE_BUGREPORT "BUG-REPORT-ADDRESS"
| #define HAVE_BASE_CONFIGDARWIN_H_IN 1
| #define HAVE_LIBM 1
| #define HAVE_LIBZ 1
| #define HAVE_LIBDL 1
| #define X_DISPLAY_MISSING 1
| #define HAVE_LIBSTDC__ 1
| #define STDC_HEADERS 1
| #define HAVE_SYS_TYPES_H 1
| #define HAVE_SYS_STAT_H 1
| #define HAVE_STDLIB_H 1
| #define HAVE_STRING_H 1
| #define HAVE_MEMORY_H 1
| #define HAVE_STRINGS_H 1
| #define HAVE_INTTYPES_H 1
| #define HAVE_STDINT_H 1
| #define HAVE_UNISTD_H 1
| /* end confdefs.h.  */
| 
| 
| int
| main ()
| {
| return main ();
|   ;
|   return 0;
| }
configure:9796: result: no
configure:9977: checking for PKG_FTGL_CFLAGS
configure:9998: result: 
configure:10000: checking for PKG_FTGL_LIBS
configure:10021: result: 
configure:10070: checking for ftgl-config
configure:10081: result: no
configure:10115: checking for main in -lftgl
configure:10144: g++ -o conftest -g -O2  -framework QuickTime -framework Carbon -framework AGL -framework OpenGL  conftest.cpp -lftgl  -lfreetype -lstdc++ -ldl -lz -lm   >&5
ld: library not found for -lftgl
collect2: ld returned 1 exit status
configure:10150: $? = 1
configure: failed program was:
| /* confdefs.h.  */
| #define PACKAGE_NAME "FULL-PACKAGE-NAME"
| #define PACKAGE_TARNAME "full-package-name"
| #define PACKAGE_VERSION "VERSION"
| #define PACKAGE_STRING "FULL-PACKAGE-NAME VERSION"
| #define PACKAGE_BUGREPORT "BUG-REPORT-ADDRESS"
| #define HAVE_BASE_CONFIGDARWIN_H_IN 1
| #define HAVE_LIBM 1
| #define HAVE_LIBZ 1
| #define HAVE_LIBDL 1
| #define X_DISPLAY_MISSING 1
| #define HAVE_LIBSTDC__ 1
| #define STDC_HEADERS 1
| #define HAVE_SYS_TYPES_H 1
| #define HAVE_SYS_STAT_H 1
| #define HAVE_STDLIB_H 1
| #define HAVE_STRING_H 1
| #define HAVE_MEMORY_H 1
| #define HAVE_STRINGS_H 1
| #define HAVE_INTTYPES_H 1
| #define HAVE_STDINT_H 1
| #define HAVE_UNISTD_H 1
| /* end confdefs.h.  */
| 
| 
| int
| main ()
| {
| return main ();
|   ;
|   return 0;
| }
configure:10168: result: no
configure:10268: checking for PKG_ARTOOLKIT_CFLAGS
configure:10289: result: 
configure:10291: checking for PKG_ARTOOLKIT_LIBS
configure:10312: result: 
configure:10361: checking for artoolkit-config
configure:10372: result: no
configure:10406: checking for arInitCparam in -lAR
configure:10441: g++ -o conftest -g -O2  -framework QuickTime -framework Carbon -framework AGL -framework OpenGL  conftest.cpp -lAR  -lstdc++ -ldl -lz -lm   >&5
ld: library not found for -lAR
collect2: ld returned 1 exit status
configure:10447: $? = 1
configure: failed program was:
| /* confdefs.h.  */
| #define PACKAGE_NAME "FULL-PACKAGE-NAME"
| #define PACKAGE_TARNAME "full-package-name"
| #define PACKAGE_VERSION "VERSION"
| #define PACKAGE_STRING "FULL-PACKAGE-NAME VERSION"
| #define PACKAGE_BUGREPORT "BUG-REPORT-ADDRESS"
| #define HAVE_BASE_CONFIGDARWIN_H_IN 1
| #define HAVE_LIBM 1
| #define HAVE_LIBZ 1
| #define HAVE_LIBDL 1
| #define X_DISPLAY_MISSING 1
| #define HAVE_LIBSTDC__ 1
| #define STDC_HEADERS 1
| #define HAVE_SYS_TYPES_H 1
| #define HAVE_SYS_STAT_H 1
| #define HAVE_STDLIB_H 1
| #define HAVE_STRING_H 1
| #define HAVE_MEMORY_H 1
| #define HAVE_STRINGS_H 1
| #define HAVE_INTTYPES_H 1
| #define HAVE_STDINT_H 1
| #define HAVE_UNISTD_H 1
| /* end confdefs.h.  */
| 
| /* Override any GCC internal prototype to avoid an error.
|    Use char because int might match the return type of a GCC
|    builtin and then its argument prototype would still apply.  */
| #ifdef __cplusplus
| extern "C"
| #endif
| char arInitCparam ();
| int
| main ()
| {
| return arInitCparam ();
|   ;
|   return 0;
| }
configure:10465: result: no
configure:10516: checking for pthread_create in -lpthread
configure:10551: g++ -o conftest -g -O2  -framework QuickTime -framework Carbon -framework AGL -framework OpenGL  conftest.cpp -lpthread  -lstdc++ -ldl -lz -lm   >&5
ld: warning: in /System/Library/Frameworks//QuickTime.framework/QuickTime, missing required architecture x86_64 in file
configure:10557: $? = 0
configure:10575: result: yes
configure:10592: checking for X
configure:10816: result: disabled
configure:10831: checking for ANSI C header files
configure:10995: result: yes
configure:11030: checking fcntl.h usability
configure:11047: g++ -c -g -O2  conftest.cpp >&5
configure:11053: $? = 0
configure:11067: result: yes
configure:11071: checking fcntl.h presence
configure:11086: g++ -E  conftest.cpp
configure:11092: $? = 0
configure:11106: result: yes
configure:11139: checking for fcntl.h
configure:11147: result: yes
configure:11030: checking float.h usability
configure:11047: g++ -c -g -O2  conftest.cpp >&5
configure:11053: $? = 0
configure:11067: result: yes
configure:11071: checking float.h presence
configure:11086: g++ -E  conftest.cpp
configure:11092: $? = 0
configure:11106: result: yes
configure:11139: checking for float.h
configure:11147: result: yes
configure:11020: checking for memory.h
configure:11026: result: yes
configure:11030: checking stddef.h usability
configure:11047: g++ -c -g -O2  conftest.cpp >&5
configure:11053: $? = 0
configure:11067: result: yes
configure:11071: checking stddef.h presence
configure:11086: g++ -E  conftest.cpp
configure:11092: $? = 0
configure:11106: result: yes
configure:11139: checking for stddef.h
configure:11147: result: yes
configure:11020: checking for stdlib.h
configure:11026: result: yes
configure:11020: checking for string.h
configure:11026: result: yes
configure:11020: checking for strings.h
configure:11026: result: yes
configure:11030: checking sys/ioctl.h usability
configure:11047: g++ -c -g -O2  conftest.cpp >&5
configure:11053: $? = 0
configure:11067: result: yes
configure:11071: checking sys/ioctl.h presence
configure:11086: g++ -E  conftest.cpp
configure:11092: $? = 0
configure:11106: result: yes
configure:11139: checking for sys/ioctl.h
configure:11147: result: yes
configure:11030: checking sys/time.h usability
configure:11047: g++ -c -g -O2  conftest.cpp >&5
configure:11053: $? = 0
configure:11067: result: yes
configure:11071: checking sys/time.h presence
configure:11086: g++ -E  conftest.cpp
configure:11092: $? = 0
configure:11106: result: yes
configure:11139: checking for sys/time.h
configure:11147: result: yes
configure:11030: checking termios.h usability
configure:11047: g++ -c -g -O2  conftest.cpp >&5
configure:11053: $? = 0
configure:11067: result: yes
configure:11071: checking termios.h presence
configure:11086: g++ -E  conftest.cpp
configure:11092: $? = 0
configure:11106: result: yes
configure:11139: checking for termios.h
configure:11147: result: yes
configure:11020: checking for unistd.h
configure:11026: result: yes
configure:11162: checking for stdbool.h that conforms to C99
configure:11255: g++ -c -g -O2  conftest.cpp >&5
configure:11261: $? = 0
configure:11276: result: yes
configure:11278: checking for _Bool
configure:11308: g++ -c -g -O2  conftest.cpp >&5
conftest.cpp:70: error: '_Bool' does not name a type
conftest.cpp: In function 'int main()':
conftest.cpp:74: error: 'ac__type_new_' was not declared in this scope
conftest.cpp:74: error: expected primary-expression before ')' token
conftest.cpp:74: error: expected `)' before numeric constant
conftest.cpp:76: error: 'ac__type_new_' was not declared in this scope
configure:11314: $? = 1
configure: failed program was:
| /* confdefs.h.  */
| #define PACKAGE_NAME "FULL-PACKAGE-NAME"
| #define PACKAGE_TARNAME "full-package-name"
| #define PACKAGE_VERSION "VERSION"
| #define PACKAGE_STRING "FULL-PACKAGE-NAME VERSION"
| #define PACKAGE_BUGREPORT "BUG-REPORT-ADDRESS"
| #define HAVE_BASE_CONFIGDARWIN_H_IN 1
| #define HAVE_LIBM 1
| #define HAVE_LIBZ 1
| #define HAVE_LIBDL 1
| #define X_DISPLAY_MISSING 1
| #define HAVE_LIBSTDC__ 1
| #define STDC_HEADERS 1
| #define HAVE_SYS_TYPES_H 1
| #define HAVE_SYS_STAT_H 1
| #define HAVE_STDLIB_H 1
| #define HAVE_STRING_H 1
| #define HAVE_MEMORY_H 1
| #define HAVE_STRINGS_H 1
| #define HAVE_INTTYPES_H 1
| #define HAVE_STDINT_H 1
| #define HAVE_UNISTD_H 1
| #define HAVE_PTHREADS 1
| #define STDC_HEADERS 1
| #define HAVE_FCNTL_H 1
| #define HAVE_FLOAT_H 1
| #define HAVE_MEMORY_H 1
| #define HAVE_STDDEF_H 1
| #define HAVE_STDLIB_H 1
| #define HAVE_STRING_H 1
| #define HAVE_STRINGS_H 1
| #define HAVE_SYS_IOCTL_H 1
| #define HAVE_SYS_TIME_H 1
| #define HAVE_TERMIOS_H 1
| #define HAVE_UNISTD_H 1
| /* end confdefs.h.  */
| #include <stdio.h>
| #ifdef HAVE_SYS_TYPES_H
| # include <sys/types.h>
| #endif
| #ifdef HAVE_SYS_STAT_H
| # include <sys/stat.h>
| #endif
| #ifdef STDC_HEADERS
| # include <stdlib.h>
| # include <stddef.h>
| #else
| # ifdef HAVE_STDLIB_H
| #  include <stdlib.h>
| # endif
| #endif
| #ifdef HAVE_STRING_H
| # if !defined STDC_HEADERS && defined HAVE_MEMORY_H
| #  include <memory.h>
| # endif
| # include <string.h>
| #endif
| #ifdef HAVE_STRINGS_H
| # include <strings.h>
| #endif
| #ifdef HAVE_INTTYPES_H
| # include <inttypes.h>
| #endif
| #ifdef HAVE_STDINT_H
| # include <stdint.h>
| #endif
| #ifdef HAVE_UNISTD_H
| # include <unistd.h>
| #endif
| typedef _Bool ac__type_new_;
| int
| main ()
| {
| if ((ac__type_new_ *) 0)
|   return 0;
| if (sizeof (ac__type_new_))
|   return 0;
|   ;
|   return 0;
| }
configure:11329: result: no
configure:11348: checking for an ANSI C-conforming const
configure:11423: g++ -c -g -O2  conftest.cpp >&5
configure:11429: $? = 0
configure:11444: result: yes
configure:11454: checking for inline
configure:11480: g++ -c -g -O2  conftest.cpp >&5
configure:11486: $? = 0
configure:11504: result: inline
configure:11523: checking for size_t
configure:11553: g++ -c -g -O2  conftest.cpp >&5
configure:11559: $? = 0
configure:11574: result: yes
configure:11586: checking whether time.h and sys/time.h may both be included
configure:11616: g++ -c -g -O2  conftest.cpp >&5
configure:11622: $? = 0
configure:11637: result: yes
configure:11649: checking for unsigned int
configure:11679: g++ -c -g -O2  conftest.cpp >&5
configure:11685: $? = 0
configure:11700: result: yes
configure:11707: checking size of unsigned int
configure:12009: g++ -o conftest -g -O2  -framework QuickTime -framework Carbon -framework AGL -framework OpenGL  conftest.cpp -lstdc++ -ldl -lz -lm   -lpthread >&5
ld: warning: in /System/Library/Frameworks//QuickTime.framework/QuickTime, missing required architecture x86_64 in file
configure:12012: $? = 0
configure:12018: ./conftest
configure:12021: $? = 0
configure:12044: result: 4
configure:12054: checking for void *
configure:12084: g++ -c -g -O2  conftest.cpp >&5
configure:12090: $? = 0
configure:12105: result: yes
configure:12112: checking size of void *
configure:12414: g++ -o conftest -g -O2  -framework QuickTime -framework Carbon -framework AGL -framework OpenGL  conftest.cpp -lstdc++ -ldl -lz -lm   -lpthread >&5
ld: warning: in /System/Library/Frameworks//QuickTime.framework/QuickTime, missing required architecture x86_64 in file
configure:12417: $? = 0
configure:12423: ./conftest
configure:12426: $? = 0
configure:12449: result: 8
configure:12462: checking for error_at_line
configure:12488: g++ -o conftest -g -O2  -framework QuickTime -framework Carbon -framework AGL -framework OpenGL  conftest.cpp -lstdc++ -ldl -lz -lm   -lpthread >&5
conftest.cpp:41:19: error: error.h: No such file or directory
conftest.cpp: In function 'int main()':
conftest.cpp:45: error: 'error_at_line' was not declared in this scope
configure:12494: $? = 1
configure: failed program was:
| /* confdefs.h.  */
| #define PACKAGE_NAME "FULL-PACKAGE-NAME"
| #define PACKAGE_TARNAME "full-package-name"
| #define PACKAGE_VERSION "VERSION"
| #define PACKAGE_STRING "FULL-PACKAGE-NAME VERSION"
| #define PACKAGE_BUGREPORT "BUG-REPORT-ADDRESS"
| #define HAVE_BASE_CONFIGDARWIN_H_IN 1
| #define HAVE_LIBM 1
| #define HAVE_LIBZ 1
| #define HAVE_LIBDL 1
| #define X_DISPLAY_MISSING 1
| #define HAVE_LIBSTDC__ 1
| #define STDC_HEADERS 1
| #define HAVE_SYS_TYPES_H 1
| #define HAVE_SYS_STAT_H 1
| #define HAVE_STDLIB_H 1
| #define HAVE_STRING_H 1
| #define HAVE_MEMORY_H 1
| #define HAVE_STRINGS_H 1
| #define HAVE_INTTYPES_H 1
| #define HAVE_STDINT_H 1
| #define HAVE_UNISTD_H 1
| #define HAVE_PTHREADS 1
| #define STDC_HEADERS 1
| #define HAVE_FCNTL_H 1
| #define HAVE_FLOAT_H 1
| #define HAVE_MEMORY_H 1
| #define HAVE_STDDEF_H 1
| #define HAVE_STDLIB_H 1
| #define HAVE_STRING_H 1
| #define HAVE_STRINGS_H 1
| #define HAVE_SYS_IOCTL_H 1
| #define HAVE_SYS_TIME_H 1
| #define HAVE_TERMIOS_H 1
| #define HAVE_UNISTD_H 1
| #define HAVE_STDBOOL_H 1
| #define TIME_WITH_SYS_TIME 1
| #define SIZEOF_UNSIGNED_INT 4
| #define SIZEOF_VOID_P 8
| /* end confdefs.h.  */
| #include <error.h>
| int
| main ()
| {
| error_at_line (0, 0, "", 0, "an error occurred");
|   ;
|   return 0;
| }
configure:12511: result: no
configure:12522: checking for pid_t
configure:12552: g++ -c -g -O2  conftest.cpp >&5
configure:12558: $? = 0
configure:12573: result: yes
configure:12600: checking vfork.h usability
configure:12617: g++ -c -g -O2  conftest.cpp >&5
conftest.cpp:74:19: error: vfork.h: No such file or directory
configure:12623: $? = 1
configure: failed program was:
| /* confdefs.h.  */
| #define PACKAGE_NAME "FULL-PACKAGE-NAME"
| #define PACKAGE_TARNAME "full-package-name"
| #define PACKAGE_VERSION "VERSION"
| #define PACKAGE_STRING "FULL-PACKAGE-NAME VERSION"
| #define PACKAGE_BUGREPORT "BUG-REPORT-ADDRESS"
| #define HAVE_BASE_CONFIGDARWIN_H_IN 1
| #define HAVE_LIBM 1
| #define HAVE_LIBZ 1
| #define HAVE_LIBDL 1
| #define X_DISPLAY_MISSING 1
| #define HAVE_LIBSTDC__ 1
| #define STDC_HEADERS 1
| #define HAVE_SYS_TYPES_H 1
| #define HAVE_SYS_STAT_H 1
| #define HAVE_STDLIB_H 1
| #define HAVE_STRING_H 1
| #define HAVE_MEMORY_H 1
| #define HAVE_STRINGS_H 1
| #define HAVE_INTTYPES_H 1
| #define HAVE_STDINT_H 1
| #define HAVE_UNISTD_H 1
| #define HAVE_PTHREADS 1
| #define STDC_HEADERS 1
| #define HAVE_FCNTL_H 1
| #define HAVE_FLOAT_H 1
| #define HAVE_MEMORY_H 1
| #define HAVE_STDDEF_H 1
| #define HAVE_STDLIB_H 1
| #define HAVE_STRING_H 1
| #define HAVE_STRINGS_H 1
| #define HAVE_SYS_IOCTL_H 1
| #define HAVE_SYS_TIME_H 1
| #define HAVE_TERMIOS_H 1
| #define HAVE_UNISTD_H 1
| #define HAVE_STDBOOL_H 1
| #define TIME_WITH_SYS_TIME 1
| #define SIZEOF_UNSIGNED_INT 4
| #define SIZEOF_VOID_P 8
| /* end confdefs.h.  */
| #include <stdio.h>
| #ifdef HAVE_SYS_TYPES_H
| # include <sys/types.h>
| #endif
| #ifdef HAVE_SYS_STAT_H
| # include <sys/stat.h>
| #endif
| #ifdef STDC_HEADERS
| # include <stdlib.h>
| # include <stddef.h>
| #else
| # ifdef HAVE_STDLIB_H
| #  include <stdlib.h>
| # endif
| #endif
| #ifdef HAVE_STRING_H
| # if !defined STDC_HEADERS && defined HAVE_MEMORY_H
| #  include <memory.h>
| # endif
| # include <string.h>
| #endif
| #ifdef HAVE_STRINGS_H
| # include <strings.h>
| #endif
| #ifdef HAVE_INTTYPES_H
| # include <inttypes.h>
| #endif
| #ifdef HAVE_STDINT_H
| # include <stdint.h>
| #endif
| #ifdef HAVE_UNISTD_H
| # include <unistd.h>
| #endif
| #include <vfork.h>
configure:12637: result: no
configure:12641: checking vfork.h presence
configure:12656: g++ -E  conftest.cpp
conftest.cpp:41:19: error: vfork.h: No such file or directory
configure:12662: $? = 1
configure: failed program was:
| /* confdefs.h.  */
| #define PACKAGE_NAME "FULL-PACKAGE-NAME"
| #define PACKAGE_TARNAME "full-package-name"
| #define PACKAGE_VERSION "VERSION"
| #define PACKAGE_STRING "FULL-PACKAGE-NAME VERSION"
| #define PACKAGE_BUGREPORT "BUG-REPORT-ADDRESS"
| #define HAVE_BASE_CONFIGDARWIN_H_IN 1
| #define HAVE_LIBM 1
| #define HAVE_LIBZ 1
| #define HAVE_LIBDL 1
| #define X_DISPLAY_MISSING 1
| #define HAVE_LIBSTDC__ 1
| #define STDC_HEADERS 1
| #define HAVE_SYS_TYPES_H 1
| #define HAVE_SYS_STAT_H 1
| #define HAVE_STDLIB_H 1
| #define HAVE_STRING_H 1
| #define HAVE_MEMORY_H 1
| #define HAVE_STRINGS_H 1
| #define HAVE_INTTYPES_H 1
| #define HAVE_STDINT_H 1
| #define HAVE_UNISTD_H 1
| #define HAVE_PTHREADS 1
| #define STDC_HEADERS 1
| #define HAVE_FCNTL_H 1
| #define HAVE_FLOAT_H 1
| #define HAVE_MEMORY_H 1
| #define HAVE_STDDEF_H 1
| #define HAVE_STDLIB_H 1
| #define HAVE_STRING_H 1
| #define HAVE_STRINGS_H 1
| #define HAVE_SYS_IOCTL_H 1
| #define HAVE_SYS_TIME_H 1
| #define HAVE_TERMIOS_H 1
| #define HAVE_UNISTD_H 1
| #define HAVE_STDBOOL_H 1
| #define TIME_WITH_SYS_TIME 1
| #define SIZEOF_UNSIGNED_INT 4
| #define SIZEOF_VOID_P 8
| /* end confdefs.h.  */
| #include <vfork.h>
configure:12676: result: no
configure:12709: checking for vfork.h
configure:12717: result: no
configure:12735: checking for fork
configure:12791: g++ -o conftest -g -O2  -framework QuickTime -framework Carbon -framework AGL -framework OpenGL  conftest.cpp -lstdc++ -ldl -lz -lm   -lpthread >&5
ld: warning: in /System/Library/Frameworks//QuickTime.framework/QuickTime, missing required architecture x86_64 in file
configure:12797: $? = 0
configure:12815: result: yes
configure:12735: checking for vfork
configure:12791: g++ -o conftest -g -O2  -framework QuickTime -framework Carbon -framework AGL -framework OpenGL  conftest.cpp -lstdc++ -ldl -lz -lm   -lpthread >&5
ld: warning: in /System/Library/Frameworks//QuickTime.framework/QuickTime, missing required architecture x86_64 in file
configure:12797: $? = 0
configure:12815: result: yes
configure:12826: checking for working fork
configure:12858: g++ -o conftest -g -O2  -framework QuickTime -framework Carbon -framework AGL -framework OpenGL  conftest.cpp -lstdc++ -ldl -lz -lm   -lpthread >&5
ld: warning: in /System/Library/Frameworks//QuickTime.framework/QuickTime, missing required architecture x86_64 in file
configure:12861: $? = 0
configure:12867: ./conftest
configure:12870: $? = 0
configure:12886: result: yes
configure:12907: checking for working vfork
configure:13045: result: yes
configure:13081: checking for stdlib.h
configure:13087: result: yes
configure:13221: checking for GNU libc compatible malloc
configure:13255: g++ -o conftest -g -O2  -framework QuickTime -framework Carbon -framework AGL -framework OpenGL  conftest.cpp -lstdc++ -ldl -lz -lm   -lpthread >&5
ld: warning: in /System/Library/Frameworks//QuickTime.framework/QuickTime, missing required architecture x86_64 in file
configure:13258: $? = 0
configure:13264: ./conftest
configure:13267: $? = 0
configure:13283: result: yes
configure:13317: checking for stdlib.h
configure:13323: result: yes
configure:13317: checking for unistd.h
configure:13323: result: yes
configure:13461: checking for getpagesize
configure:13517: g++ -o conftest -g -O2  -framework QuickTime -framework Carbon -framework AGL -framework OpenGL  conftest.cpp -lstdc++ -ldl -lz -lm   -lpthread >&5
ld: warning: in /System/Library/Frameworks//QuickTime.framework/QuickTime, missing required architecture x86_64 in file
configure:13523: $? = 0
configure:13541: result: yes
configure:13551: checking for working mmap
configure:13698: g++ -o conftest -g -O2  -framework QuickTime -framework Carbon -framework AGL -framework OpenGL  conftest.cpp -lstdc++ -ldl -lz -lm   -lpthread >&5
ld: warning: in /System/Library/Frameworks//QuickTime.framework/QuickTime, missing required architecture x86_64 in file
configure:13701: $? = 0
configure:13707: ./conftest
configure:13710: $? = 0
configure:13726: result: yes
configure:13751: checking for bzero
configure:13807: g++ -o conftest -g -O2  -framework QuickTime -framework Carbon -framework AGL -framework OpenGL  conftest.cpp -lstdc++ -ldl -lz -lm   -lpthread >&5
ld: warning: in /System/Library/Frameworks//QuickTime.framework/QuickTime, missing required architecture x86_64 in file
configure:13813: $? = 0
configure:13831: result: yes
configure:13751: checking for floor
configure:13807: g++ -o conftest -g -O2  -framework QuickTime -framework Carbon -framework AGL -framework OpenGL  conftest.cpp -lstdc++ -ldl -lz -lm   -lpthread >&5
ld: warning: in /System/Library/Frameworks//QuickTime.framework/QuickTime, missing required architecture x86_64 in file
configure:13813: $? = 0
configure:13831: result: yes
configure:13751: checking for gettimeofday
configure:13807: g++ -o conftest -g -O2  -framework QuickTime -framework Carbon -framework AGL -framework OpenGL  conftest.cpp -lstdc++ -ldl -lz -lm   -lpthread >&5
ld: warning: in /System/Library/Frameworks//QuickTime.framework/QuickTime, missing required architecture x86_64 in file
configure:13813: $? = 0
configure:13831: result: yes
configure:13751: checking for memset
configure:13807: g++ -o conftest -g -O2  -framework QuickTime -framework Carbon -framework AGL -framework OpenGL  conftest.cpp -lstdc++ -ldl -lz -lm   -lpthread >&5
ld: warning: in /System/Library/Frameworks//QuickTime.framework/QuickTime, missing required architecture x86_64 in file
configure:13813: $? = 0
configure:13831: result: yes
configure:13751: checking for munmap
configure:13807: g++ -o conftest -g -O2  -framework QuickTime -framework Carbon -framework AGL -framework OpenGL  conftest.cpp -lstdc++ -ldl -lz -lm   -lpthread >&5
ld: warning: in /System/Library/Frameworks//QuickTime.framework/QuickTime, missing required architecture x86_64 in file
configure:13813: $? = 0
configure:13831: result: yes
configure:13751: checking for pow
configure:13807: g++ -o conftest -g -O2  -framework QuickTime -framework Carbon -framework AGL -framework OpenGL  conftest.cpp -lstdc++ -ldl -lz -lm   -lpthread >&5
ld: warning: in /System/Library/Frameworks//QuickTime.framework/QuickTime, missing required architecture x86_64 in file
configure:13813: $? = 0
configure:13831: result: yes
configure:13751: checking for sqrt
configure:13807: g++ -o conftest -g -O2  -framework QuickTime -framework Carbon -framework AGL -framework OpenGL  conftest.cpp -lstdc++ -ldl -lz -lm   -lpthread >&5
ld: warning: in /System/Library/Frameworks//QuickTime.framework/QuickTime, missing required architecture x86_64 in file
configure:13813: $? = 0
configure:13831: result: yes
configure:13751: checking for strchr
configure:13807: g++ -o conftest -g -O2  -framework QuickTime -framework Carbon -framework AGL -framework OpenGL  conftest.cpp -lstdc++ -ldl -lz -lm   -lpthread >&5
ld: warning: in /System/Library/Frameworks//QuickTime.framework/QuickTime, missing required architecture x86_64 in file
configure:13813: $? = 0
configure:13831: result: yes
configure:13751: checking for strdup
configure:13807: g++ -o conftest -g -O2  -framework QuickTime -framework Carbon -framework AGL -framework OpenGL  conftest.cpp -lstdc++ -ldl -lz -lm   -lpthread >&5
ld: warning: in /System/Library/Frameworks//QuickTime.framework/QuickTime, missing required architecture x86_64 in file
configure:13813: $? = 0
configure:13831: result: yes
configure:13751: checking for strrchr
configure:13807: g++ -o conftest -g -O2  -framework QuickTime -framework Carbon -framework AGL -framework OpenGL  conftest.cpp -lstdc++ -ldl -lz -lm   -lpthread >&5
ld: warning: in /System/Library/Frameworks//QuickTime.framework/QuickTime, missing required architecture x86_64 in file
configure:13813: $? = 0
configure:13831: result: yes
configure:13751: checking for strstr
configure:13807: g++ -o conftest -g -O2  -framework QuickTime -framework Carbon -framework AGL -framework OpenGL  conftest.cpp -lstdc++ -ldl -lz -lm   -lpthread >&5
ld: warning: in /System/Library/Frameworks//QuickTime.framework/QuickTime, missing required architecture x86_64 in file
configure:13813: $? = 0
configure:13831: result: yes
configure:13845: checking for lqt_open_write
configure:13875: g++ -o conftest -g -O2  -framework QuickTime -framework Carbon -framework AGL -framework OpenGL  conftest.cpp -lstdc++ -ldl -lz -lm   -lpthread  >&5
ld: warning: in /System/Library/Frameworks//QuickTime.framework/QuickTime, missing required architecture x86_64 in file
Undefined symbols:
  "_lqt_open_write", referenced from:
      _main in ccOrqk3A.o
ld: symbol(s) not found
collect2: ld returned 1 exit status
configure:13881: $? = 1
configure: failed program was:
| /* confdefs.h.  */
| #define PACKAGE_NAME "FULL-PACKAGE-NAME"
| #define PACKAGE_TARNAME "full-package-name"
| #define PACKAGE_VERSION "VERSION"
| #define PACKAGE_STRING "FULL-PACKAGE-NAME VERSION"
| #define PACKAGE_BUGREPORT "BUG-REPORT-ADDRESS"
| #define HAVE_BASE_CONFIGDARWIN_H_IN 1
| #define HAVE_LIBM 1
| #define HAVE_LIBZ 1
| #define HAVE_LIBDL 1
| #define X_DISPLAY_MISSING 1
| #define HAVE_LIBSTDC__ 1
| #define STDC_HEADERS 1
| #define HAVE_SYS_TYPES_H 1
| #define HAVE_SYS_STAT_H 1
| #define HAVE_STDLIB_H 1
| #define HAVE_STRING_H 1
| #define HAVE_MEMORY_H 1
| #define HAVE_STRINGS_H 1
| #define HAVE_INTTYPES_H 1
| #define HAVE_STDINT_H 1
| #define HAVE_UNISTD_H 1
| #define HAVE_PTHREADS 1
| #define STDC_HEADERS 1
| #define HAVE_FCNTL_H 1
| #define HAVE_FLOAT_H 1
| #define HAVE_MEMORY_H 1
| #define HAVE_STDDEF_H 1
| #define HAVE_STDLIB_H 1
| #define HAVE_STRING_H 1
| #define HAVE_STRINGS_H 1
| #define HAVE_SYS_IOCTL_H 1
| #define HAVE_SYS_TIME_H 1
| #define HAVE_TERMIOS_H 1
| #define HAVE_UNISTD_H 1
| #define HAVE_STDBOOL_H 1
| #define TIME_WITH_SYS_TIME 1
| #define SIZEOF_UNSIGNED_INT 4
| #define SIZEOF_VOID_P 8
| #define HAVE_FORK 1
| #define HAVE_VFORK 1
| #define HAVE_WORKING_VFORK 1
| #define HAVE_WORKING_FORK 1
| #define HAVE_STDLIB_H 1
| #define HAVE_MALLOC 1
| #define HAVE_STDLIB_H 1
| #define HAVE_UNISTD_H 1
| #define HAVE_GETPAGESIZE 1
| #define HAVE_MMAP 1
| #define HAVE_BZERO 1
| #define HAVE_FLOOR 1
| #define HAVE_GETTIMEOFDAY 1
| #define HAVE_MEMSET 1
| #define HAVE_MUNMAP 1
| #define HAVE_POW 1
| #define HAVE_SQRT 1
| #define HAVE_STRCHR 1
| #define HAVE_STRDUP 1
| #define HAVE_STRRCHR 1
| #define HAVE_STRSTR 1
| /* end confdefs.h.  */
| 
| /* Override any GCC internal prototype to avoid an error.
|    Use char because int might match the return type of a GCC
|    builtin and then its argument prototype would still apply.  */
| #ifdef __cplusplus
| extern "C"
| #endif
| char lqt_open_write ();
| int
| main ()
| {
| return lqt_open_write ();
|   ;
|   return 0;
| }
configure:13897: result: no
configure:13954: checking m_pd.h usability
configure:13971: g++ -c -g -O2  conftest.cpp >&5
conftest.cpp:95:18: error: m_pd.h: No such file or directory
configure:13977: $? = 1
configure: failed program was:
| /* confdefs.h.  */
| #define PACKAGE_NAME "FULL-PACKAGE-NAME"
| #define PACKAGE_TARNAME "full-package-name"
| #define PACKAGE_VERSION "VERSION"
| #define PACKAGE_STRING "FULL-PACKAGE-NAME VERSION"
| #define PACKAGE_BUGREPORT "BUG-REPORT-ADDRESS"
| #define HAVE_BASE_CONFIGDARWIN_H_IN 1
| #define HAVE_LIBM 1
| #define HAVE_LIBZ 1
| #define HAVE_LIBDL 1
| #define X_DISPLAY_MISSING 1
| #define HAVE_LIBSTDC__ 1
| #define STDC_HEADERS 1
| #define HAVE_SYS_TYPES_H 1
| #define HAVE_SYS_STAT_H 1
| #define HAVE_STDLIB_H 1
| #define HAVE_STRING_H 1
| #define HAVE_MEMORY_H 1
| #define HAVE_STRINGS_H 1
| #define HAVE_INTTYPES_H 1
| #define HAVE_STDINT_H 1
| #define HAVE_UNISTD_H 1
| #define HAVE_PTHREADS 1
| #define STDC_HEADERS 1
| #define HAVE_FCNTL_H 1
| #define HAVE_FLOAT_H 1
| #define HAVE_MEMORY_H 1
| #define HAVE_STDDEF_H 1
| #define HAVE_STDLIB_H 1
| #define HAVE_STRING_H 1
| #define HAVE_STRINGS_H 1
| #define HAVE_SYS_IOCTL_H 1
| #define HAVE_SYS_TIME_H 1
| #define HAVE_TERMIOS_H 1
| #define HAVE_UNISTD_H 1
| #define HAVE_STDBOOL_H 1
| #define TIME_WITH_SYS_TIME 1
| #define SIZEOF_UNSIGNED_INT 4
| #define SIZEOF_VOID_P 8
| #define HAVE_FORK 1
| #define HAVE_VFORK 1
| #define HAVE_WORKING_VFORK 1
| #define HAVE_WORKING_FORK 1
| #define HAVE_STDLIB_H 1
| #define HAVE_MALLOC 1
| #define HAVE_STDLIB_H 1
| #define HAVE_UNISTD_H 1
| #define HAVE_GETPAGESIZE 1
| #define HAVE_MMAP 1
| #define HAVE_BZERO 1
| #define HAVE_FLOOR 1
| #define HAVE_GETTIMEOFDAY 1
| #define HAVE_MEMSET 1
| #define HAVE_MUNMAP 1
| #define HAVE_POW 1
| #define HAVE_SQRT 1
| #define HAVE_STRCHR 1
| #define HAVE_STRDUP 1
| #define HAVE_STRRCHR 1
| #define HAVE_STRSTR 1
| /* end confdefs.h.  */
| #include <stdio.h>
| #ifdef HAVE_SYS_TYPES_H
| # include <sys/types.h>
| #endif
| #ifdef HAVE_SYS_STAT_H
| # include <sys/stat.h>
| #endif
| #ifdef STDC_HEADERS
| # include <stdlib.h>
| # include <stddef.h>
| #else
| # ifdef HAVE_STDLIB_H
| #  include <stdlib.h>
| # endif
| #endif
| #ifdef HAVE_STRING_H
| # if !defined STDC_HEADERS && defined HAVE_MEMORY_H
| #  include <memory.h>
| # endif
| # include <string.h>
| #endif
| #ifdef HAVE_STRINGS_H
| # include <strings.h>
| #endif
| #ifdef HAVE_INTTYPES_H
| # include <inttypes.h>
| #endif
| #ifdef HAVE_STDINT_H
| # include <stdint.h>
| #endif
| #ifdef HAVE_UNISTD_H
| # include <unistd.h>
| #endif
| #include <m_pd.h>
configure:13991: result: no
configure:13995: checking m_pd.h presence
configure:14010: g++ -E  conftest.cpp
conftest.cpp:62:18: error: m_pd.h: No such file or directory
configure:14016: $? = 1
configure: failed program was:
| /* confdefs.h.  */
| #define PACKAGE_NAME "FULL-PACKAGE-NAME"
| #define PACKAGE_TARNAME "full-package-name"
| #define PACKAGE_VERSION "VERSION"
| #define PACKAGE_STRING "FULL-PACKAGE-NAME VERSION"
| #define PACKAGE_BUGREPORT "BUG-REPORT-ADDRESS"
| #define HAVE_BASE_CONFIGDARWIN_H_IN 1
| #define HAVE_LIBM 1
| #define HAVE_LIBZ 1
| #define HAVE_LIBDL 1
| #define X_DISPLAY_MISSING 1
| #define HAVE_LIBSTDC__ 1
| #define STDC_HEADERS 1
| #define HAVE_SYS_TYPES_H 1
| #define HAVE_SYS_STAT_H 1
| #define HAVE_STDLIB_H 1
| #define HAVE_STRING_H 1
| #define HAVE_MEMORY_H 1
| #define HAVE_STRINGS_H 1
| #define HAVE_INTTYPES_H 1
| #define HAVE_STDINT_H 1
| #define HAVE_UNISTD_H 1
| #define HAVE_PTHREADS 1
| #define STDC_HEADERS 1
| #define HAVE_FCNTL_H 1
| #define HAVE_FLOAT_H 1
| #define HAVE_MEMORY_H 1
| #define HAVE_STDDEF_H 1
| #define HAVE_STDLIB_H 1
| #define HAVE_STRING_H 1
| #define HAVE_STRINGS_H 1
| #define HAVE_SYS_IOCTL_H 1
| #define HAVE_SYS_TIME_H 1
| #define HAVE_TERMIOS_H 1
| #define HAVE_UNISTD_H 1
| #define HAVE_STDBOOL_H 1
| #define TIME_WITH_SYS_TIME 1
| #define SIZEOF_UNSIGNED_INT 4
| #define SIZEOF_VOID_P 8
| #define HAVE_FORK 1
| #define HAVE_VFORK 1
| #define HAVE_WORKING_VFORK 1
| #define HAVE_WORKING_FORK 1
| #define HAVE_STDLIB_H 1
| #define HAVE_MALLOC 1
| #define HAVE_STDLIB_H 1
| #define HAVE_UNISTD_H 1
| #define HAVE_GETPAGESIZE 1
| #define HAVE_MMAP 1
| #define HAVE_BZERO 1
| #define HAVE_FLOOR 1
| #define HAVE_GETTIMEOFDAY 1
| #define HAVE_MEMSET 1
| #define HAVE_MUNMAP 1
| #define HAVE_POW 1
| #define HAVE_SQRT 1
| #define HAVE_STRCHR 1
| #define HAVE_STRDUP 1
| #define HAVE_STRRCHR 1
| #define HAVE_STRSTR 1
| /* end confdefs.h.  */
| #include <m_pd.h>
configure:14030: result: no
configure:14063: checking for m_pd.h
configure:14071: result: no
configure:14122: checking s_stuff.h usability
configure:14139: g++ -c -g -O2  conftest.cpp >&5
conftest.cpp:95:21: error: s_stuff.h: No such file or directory
configure:14145: $? = 1
configure: failed program was:
| /* confdefs.h.  */
| #define PACKAGE_NAME "FULL-PACKAGE-NAME"
| #define PACKAGE_TARNAME "full-package-name"
| #define PACKAGE_VERSION "VERSION"
| #define PACKAGE_STRING "FULL-PACKAGE-NAME VERSION"
| #define PACKAGE_BUGREPORT "BUG-REPORT-ADDRESS"
| #define HAVE_BASE_CONFIGDARWIN_H_IN 1
| #define HAVE_LIBM 1
| #define HAVE_LIBZ 1
| #define HAVE_LIBDL 1
| #define X_DISPLAY_MISSING 1
| #define HAVE_LIBSTDC__ 1
| #define STDC_HEADERS 1
| #define HAVE_SYS_TYPES_H 1
| #define HAVE_SYS_STAT_H 1
| #define HAVE_STDLIB_H 1
| #define HAVE_STRING_H 1
| #define HAVE_MEMORY_H 1
| #define HAVE_STRINGS_H 1
| #define HAVE_INTTYPES_H 1
| #define HAVE_STDINT_H 1
| #define HAVE_UNISTD_H 1
| #define HAVE_PTHREADS 1
| #define STDC_HEADERS 1
| #define HAVE_FCNTL_H 1
| #define HAVE_FLOAT_H 1
| #define HAVE_MEMORY_H 1
| #define HAVE_STDDEF_H 1
| #define HAVE_STDLIB_H 1
| #define HAVE_STRING_H 1
| #define HAVE_STRINGS_H 1
| #define HAVE_SYS_IOCTL_H 1
| #define HAVE_SYS_TIME_H 1
| #define HAVE_TERMIOS_H 1
| #define HAVE_UNISTD_H 1
| #define HAVE_STDBOOL_H 1
| #define TIME_WITH_SYS_TIME 1
| #define SIZEOF_UNSIGNED_INT 4
| #define SIZEOF_VOID_P 8
| #define HAVE_FORK 1
| #define HAVE_VFORK 1
| #define HAVE_WORKING_VFORK 1
| #define HAVE_WORKING_FORK 1
| #define HAVE_STDLIB_H 1
| #define HAVE_MALLOC 1
| #define HAVE_STDLIB_H 1
| #define HAVE_UNISTD_H 1
| #define HAVE_GETPAGESIZE 1
| #define HAVE_MMAP 1
| #define HAVE_BZERO 1
| #define HAVE_FLOOR 1
| #define HAVE_GETTIMEOFDAY 1
| #define HAVE_MEMSET 1
| #define HAVE_MUNMAP 1
| #define HAVE_POW 1
| #define HAVE_SQRT 1
| #define HAVE_STRCHR 1
| #define HAVE_STRDUP 1
| #define HAVE_STRRCHR 1
| #define HAVE_STRSTR 1
| /* end confdefs.h.  */
| #include <stdio.h>
| #ifdef HAVE_SYS_TYPES_H
| # include <sys/types.h>
| #endif
| #ifdef HAVE_SYS_STAT_H
| # include <sys/stat.h>
| #endif
| #ifdef STDC_HEADERS
| # include <stdlib.h>
| # include <stddef.h>
| #else
| # ifdef HAVE_STDLIB_H
| #  include <stdlib.h>
| # endif
| #endif
| #ifdef HAVE_STRING_H
| # if !defined STDC_HEADERS && defined HAVE_MEMORY_H
| #  include <memory.h>
| # endif
| # include <string.h>
| #endif
| #ifdef HAVE_STRINGS_H
| # include <strings.h>
| #endif
| #ifdef HAVE_INTTYPES_H
| # include <inttypes.h>
| #endif
| #ifdef HAVE_STDINT_H
| # include <stdint.h>
| #endif
| #ifdef HAVE_UNISTD_H
| # include <unistd.h>
| #endif
| #include <s_stuff.h>
configure:14159: result: no
configure:14163: checking s_stuff.h presence
configure:14178: g++ -E  conftest.cpp
conftest.cpp:62:21: error: s_stuff.h: No such file or directory
configure:14184: $? = 1
configure: failed program was:
| /* confdefs.h.  */
| #define PACKAGE_NAME "FULL-PACKAGE-NAME"
| #define PACKAGE_TARNAME "full-package-name"
| #define PACKAGE_VERSION "VERSION"
| #define PACKAGE_STRING "FULL-PACKAGE-NAME VERSION"
| #define PACKAGE_BUGREPORT "BUG-REPORT-ADDRESS"
| #define HAVE_BASE_CONFIGDARWIN_H_IN 1
| #define HAVE_LIBM 1
| #define HAVE_LIBZ 1
| #define HAVE_LIBDL 1
| #define X_DISPLAY_MISSING 1
| #define HAVE_LIBSTDC__ 1
| #define STDC_HEADERS 1
| #define HAVE_SYS_TYPES_H 1
| #define HAVE_SYS_STAT_H 1
| #define HAVE_STDLIB_H 1
| #define HAVE_STRING_H 1
| #define HAVE_MEMORY_H 1
| #define HAVE_STRINGS_H 1
| #define HAVE_INTTYPES_H 1
| #define HAVE_STDINT_H 1
| #define HAVE_UNISTD_H 1
| #define HAVE_PTHREADS 1
| #define STDC_HEADERS 1
| #define HAVE_FCNTL_H 1
| #define HAVE_FLOAT_H 1
| #define HAVE_MEMORY_H 1
| #define HAVE_STDDEF_H 1
| #define HAVE_STDLIB_H 1
| #define HAVE_STRING_H 1
| #define HAVE_STRINGS_H 1
| #define HAVE_SYS_IOCTL_H 1
| #define HAVE_SYS_TIME_H 1
| #define HAVE_TERMIOS_H 1
| #define HAVE_UNISTD_H 1
| #define HAVE_STDBOOL_H 1
| #define TIME_WITH_SYS_TIME 1
| #define SIZEOF_UNSIGNED_INT 4
| #define SIZEOF_VOID_P 8
| #define HAVE_FORK 1
| #define HAVE_VFORK 1
| #define HAVE_WORKING_VFORK 1
| #define HAVE_WORKING_FORK 1
| #define HAVE_STDLIB_H 1
| #define HAVE_MALLOC 1
| #define HAVE_STDLIB_H 1
| #define HAVE_UNISTD_H 1
| #define HAVE_GETPAGESIZE 1
| #define HAVE_MMAP 1
| #define HAVE_BZERO 1
| #define HAVE_FLOOR 1
| #define HAVE_GETTIMEOFDAY 1
| #define HAVE_MEMSET 1
| #define HAVE_MUNMAP 1
| #define HAVE_POW 1
| #define HAVE_SQRT 1
| #define HAVE_STRCHR 1
| #define HAVE_STRDUP 1
| #define HAVE_STRRCHR 1
| #define HAVE_STRSTR 1
| /* end confdefs.h.  */
| #include <s_stuff.h>
configure:14198: result: no
configure:14231: checking for s_stuff.h
configure:14238: result: no
configure:14268: checking GL/gl.h usability
configure:14285: g++ -c -g -O2  conftest.cpp >&5
conftest.cpp:96:19: error: GL/gl.h: No such file or directory
configure:14291: $? = 1
configure: failed program was:
| /* confdefs.h.  */
| #define PACKAGE_NAME "FULL-PACKAGE-NAME"
| #define PACKAGE_TARNAME "full-package-name"
| #define PACKAGE_VERSION "VERSION"
| #define PACKAGE_STRING "FULL-PACKAGE-NAME VERSION"
| #define PACKAGE_BUGREPORT "BUG-REPORT-ADDRESS"
| #define HAVE_BASE_CONFIGDARWIN_H_IN 1
| #define HAVE_LIBM 1
| #define HAVE_LIBZ 1
| #define HAVE_LIBDL 1
| #define X_DISPLAY_MISSING 1
| #define HAVE_LIBSTDC__ 1
| #define STDC_HEADERS 1
| #define HAVE_SYS_TYPES_H 1
| #define HAVE_SYS_STAT_H 1
| #define HAVE_STDLIB_H 1
| #define HAVE_STRING_H 1
| #define HAVE_MEMORY_H 1
| #define HAVE_STRINGS_H 1
| #define HAVE_INTTYPES_H 1
| #define HAVE_STDINT_H 1
| #define HAVE_UNISTD_H 1
| #define HAVE_PTHREADS 1
| #define STDC_HEADERS 1
| #define HAVE_FCNTL_H 1
| #define HAVE_FLOAT_H 1
| #define HAVE_MEMORY_H 1
| #define HAVE_STDDEF_H 1
| #define HAVE_STDLIB_H 1
| #define HAVE_STRING_H 1
| #define HAVE_STRINGS_H 1
| #define HAVE_SYS_IOCTL_H 1
| #define HAVE_SYS_TIME_H 1
| #define HAVE_TERMIOS_H 1
| #define HAVE_UNISTD_H 1
| #define HAVE_STDBOOL_H 1
| #define TIME_WITH_SYS_TIME 1
| #define SIZEOF_UNSIGNED_INT 4
| #define SIZEOF_VOID_P 8
| #define HAVE_FORK 1
| #define HAVE_VFORK 1
| #define HAVE_WORKING_VFORK 1
| #define HAVE_WORKING_FORK 1
| #define HAVE_STDLIB_H 1
| #define HAVE_MALLOC 1
| #define HAVE_STDLIB_H 1
| #define HAVE_UNISTD_H 1
| #define HAVE_GETPAGESIZE 1
| #define HAVE_MMAP 1
| #define HAVE_BZERO 1
| #define HAVE_FLOOR 1
| #define HAVE_GETTIMEOFDAY 1
| #define HAVE_MEMSET 1
| #define HAVE_MUNMAP 1
| #define HAVE_POW 1
| #define HAVE_SQRT 1
| #define HAVE_STRCHR 1
| #define HAVE_STRDUP 1
| #define HAVE_STRRCHR 1
| #define HAVE_STRSTR 1
| #define NEW_VIDEOFILM 1
| /* end confdefs.h.  */
| #include <stdio.h>
| #ifdef HAVE_SYS_TYPES_H
| # include <sys/types.h>
| #endif
| #ifdef HAVE_SYS_STAT_H
| # include <sys/stat.h>
| #endif
| #ifdef STDC_HEADERS
| # include <stdlib.h>
| # include <stddef.h>
| #else
| # ifdef HAVE_STDLIB_H
| #  include <stdlib.h>
| # endif
| #endif
| #ifdef HAVE_STRING_H
| # if !defined STDC_HEADERS && defined HAVE_MEMORY_H
| #  include <memory.h>
| # endif
| # include <string.h>
| #endif
| #ifdef HAVE_STRINGS_H
| # include <strings.h>
| #endif
| #ifdef HAVE_INTTYPES_H
| # include <inttypes.h>
| #endif
| #ifdef HAVE_STDINT_H
| # include <stdint.h>
| #endif
| #ifdef HAVE_UNISTD_H
| # include <unistd.h>
| #endif
| #include <GL/gl.h>
configure:14305: result: no
configure:14309: checking GL/gl.h presence
configure:14324: g++ -E  conftest.cpp
conftest.cpp:63:19: error: GL/gl.h: No such file or directory
configure:14330: $? = 1
configure: failed program was:
| /* confdefs.h.  */
| #define PACKAGE_NAME "FULL-PACKAGE-NAME"
| #define PACKAGE_TARNAME "full-package-name"
| #define PACKAGE_VERSION "VERSION"
| #define PACKAGE_STRING "FULL-PACKAGE-NAME VERSION"
| #define PACKAGE_BUGREPORT "BUG-REPORT-ADDRESS"
| #define HAVE_BASE_CONFIGDARWIN_H_IN 1
| #define HAVE_LIBM 1
| #define HAVE_LIBZ 1
| #define HAVE_LIBDL 1
| #define X_DISPLAY_MISSING 1
| #define HAVE_LIBSTDC__ 1
| #define STDC_HEADERS 1
| #define HAVE_SYS_TYPES_H 1
| #define HAVE_SYS_STAT_H 1
| #define HAVE_STDLIB_H 1
| #define HAVE_STRING_H 1
| #define HAVE_MEMORY_H 1
| #define HAVE_STRINGS_H 1
| #define HAVE_INTTYPES_H 1
| #define HAVE_STDINT_H 1
| #define HAVE_UNISTD_H 1
| #define HAVE_PTHREADS 1
| #define STDC_HEADERS 1
| #define HAVE_FCNTL_H 1
| #define HAVE_FLOAT_H 1
| #define HAVE_MEMORY_H 1
| #define HAVE_STDDEF_H 1
| #define HAVE_STDLIB_H 1
| #define HAVE_STRING_H 1
| #define HAVE_STRINGS_H 1
| #define HAVE_SYS_IOCTL_H 1
| #define HAVE_SYS_TIME_H 1
| #define HAVE_TERMIOS_H 1
| #define HAVE_UNISTD_H 1
| #define HAVE_STDBOOL_H 1
| #define TIME_WITH_SYS_TIME 1
| #define SIZEOF_UNSIGNED_INT 4
| #define SIZEOF_VOID_P 8
| #define HAVE_FORK 1
| #define HAVE_VFORK 1
| #define HAVE_WORKING_VFORK 1
| #define HAVE_WORKING_FORK 1
| #define HAVE_STDLIB_H 1
| #define HAVE_MALLOC 1
| #define HAVE_STDLIB_H 1
| #define HAVE_UNISTD_H 1
| #define HAVE_GETPAGESIZE 1
| #define HAVE_MMAP 1
| #define HAVE_BZERO 1
| #define HAVE_FLOOR 1
| #define HAVE_GETTIMEOFDAY 1
| #define HAVE_MEMSET 1
| #define HAVE_MUNMAP 1
| #define HAVE_POW 1
| #define HAVE_SQRT 1
| #define HAVE_STRCHR 1
| #define HAVE_STRDUP 1
| #define HAVE_STRRCHR 1
| #define HAVE_STRSTR 1
| #define NEW_VIDEOFILM 1
| /* end confdefs.h.  */
| #include <GL/gl.h>
configure:14344: result: no
configure:14377: checking for GL/gl.h
configure:14384: result: no
configure:14403: checking OpenGL/gl.h usability
configure:14420: g++ -c -g -O2  conftest.cpp >&5
configure:14426: $? = 0
configure:14440: result: yes
configure:14444: checking OpenGL/gl.h presence
configure:14459: g++ -E  conftest.cpp
configure:14465: $? = 0
configure:14479: result: yes
configure:14512: checking for OpenGL/gl.h
configure:14519: result: yes
configure:14543: checking GL/glu.h usability
configure:14560: g++ -c -g -O2  conftest.cpp >&5
conftest.cpp:96:20: error: GL/glu.h: No such file or directory
configure:14566: $? = 1
configure: failed program was:
| /* confdefs.h.  */
| #define PACKAGE_NAME "FULL-PACKAGE-NAME"
| #define PACKAGE_TARNAME "full-package-name"
| #define PACKAGE_VERSION "VERSION"
| #define PACKAGE_STRING "FULL-PACKAGE-NAME VERSION"
| #define PACKAGE_BUGREPORT "BUG-REPORT-ADDRESS"
| #define HAVE_BASE_CONFIGDARWIN_H_IN 1
| #define HAVE_LIBM 1
| #define HAVE_LIBZ 1
| #define HAVE_LIBDL 1
| #define X_DISPLAY_MISSING 1
| #define HAVE_LIBSTDC__ 1
| #define STDC_HEADERS 1
| #define HAVE_SYS_TYPES_H 1
| #define HAVE_SYS_STAT_H 1
| #define HAVE_STDLIB_H 1
| #define HAVE_STRING_H 1
| #define HAVE_MEMORY_H 1
| #define HAVE_STRINGS_H 1
| #define HAVE_INTTYPES_H 1
| #define HAVE_STDINT_H 1
| #define HAVE_UNISTD_H 1
| #define HAVE_PTHREADS 1
| #define STDC_HEADERS 1
| #define HAVE_FCNTL_H 1
| #define HAVE_FLOAT_H 1
| #define HAVE_MEMORY_H 1
| #define HAVE_STDDEF_H 1
| #define HAVE_STDLIB_H 1
| #define HAVE_STRING_H 1
| #define HAVE_STRINGS_H 1
| #define HAVE_SYS_IOCTL_H 1
| #define HAVE_SYS_TIME_H 1
| #define HAVE_TERMIOS_H 1
| #define HAVE_UNISTD_H 1
| #define HAVE_STDBOOL_H 1
| #define TIME_WITH_SYS_TIME 1
| #define SIZEOF_UNSIGNED_INT 4
| #define SIZEOF_VOID_P 8
| #define HAVE_FORK 1
| #define HAVE_VFORK 1
| #define HAVE_WORKING_VFORK 1
| #define HAVE_WORKING_FORK 1
| #define HAVE_STDLIB_H 1
| #define HAVE_MALLOC 1
| #define HAVE_STDLIB_H 1
| #define HAVE_UNISTD_H 1
| #define HAVE_GETPAGESIZE 1
| #define HAVE_MMAP 1
| #define HAVE_BZERO 1
| #define HAVE_FLOOR 1
| #define HAVE_GETTIMEOFDAY 1
| #define HAVE_MEMSET 1
| #define HAVE_MUNMAP 1
| #define HAVE_POW 1
| #define HAVE_SQRT 1
| #define HAVE_STRCHR 1
| #define HAVE_STRDUP 1
| #define HAVE_STRRCHR 1
| #define HAVE_STRSTR 1
| #define NEW_VIDEOFILM 1
| /* end confdefs.h.  */
| #include <stdio.h>
| #ifdef HAVE_SYS_TYPES_H
| # include <sys/types.h>
| #endif
| #ifdef HAVE_SYS_STAT_H
| # include <sys/stat.h>
| #endif
| #ifdef STDC_HEADERS
| # include <stdlib.h>
| # include <stddef.h>
| #else
| # ifdef HAVE_STDLIB_H
| #  include <stdlib.h>
| # endif
| #endif
| #ifdef HAVE_STRING_H
| # if !defined STDC_HEADERS && defined HAVE_MEMORY_H
| #  include <memory.h>
| # endif
| # include <string.h>
| #endif
| #ifdef HAVE_STRINGS_H
| # include <strings.h>
| #endif
| #ifdef HAVE_INTTYPES_H
| # include <inttypes.h>
| #endif
| #ifdef HAVE_STDINT_H
| # include <stdint.h>
| #endif
| #ifdef HAVE_UNISTD_H
| # include <unistd.h>
| #endif
| #include <GL/glu.h>
configure:14580: result: no
configure:14584: checking GL/glu.h presence
configure:14599: g++ -E  conftest.cpp
conftest.cpp:63:20: error: GL/glu.h: No such file or directory
configure:14605: $? = 1
configure: failed program was:
| /* confdefs.h.  */
| #define PACKAGE_NAME "FULL-PACKAGE-NAME"
| #define PACKAGE_TARNAME "full-package-name"
| #define PACKAGE_VERSION "VERSION"
| #define PACKAGE_STRING "FULL-PACKAGE-NAME VERSION"
| #define PACKAGE_BUGREPORT "BUG-REPORT-ADDRESS"
| #define HAVE_BASE_CONFIGDARWIN_H_IN 1
| #define HAVE_LIBM 1
| #define HAVE_LIBZ 1
| #define HAVE_LIBDL 1
| #define X_DISPLAY_MISSING 1
| #define HAVE_LIBSTDC__ 1
| #define STDC_HEADERS 1
| #define HAVE_SYS_TYPES_H 1
| #define HAVE_SYS_STAT_H 1
| #define HAVE_STDLIB_H 1
| #define HAVE_STRING_H 1
| #define HAVE_MEMORY_H 1
| #define HAVE_STRINGS_H 1
| #define HAVE_INTTYPES_H 1
| #define HAVE_STDINT_H 1
| #define HAVE_UNISTD_H 1
| #define HAVE_PTHREADS 1
| #define STDC_HEADERS 1
| #define HAVE_FCNTL_H 1
| #define HAVE_FLOAT_H 1
| #define HAVE_MEMORY_H 1
| #define HAVE_STDDEF_H 1
| #define HAVE_STDLIB_H 1
| #define HAVE_STRING_H 1
| #define HAVE_STRINGS_H 1
| #define HAVE_SYS_IOCTL_H 1
| #define HAVE_SYS_TIME_H 1
| #define HAVE_TERMIOS_H 1
| #define HAVE_UNISTD_H 1
| #define HAVE_STDBOOL_H 1
| #define TIME_WITH_SYS_TIME 1
| #define SIZEOF_UNSIGNED_INT 4
| #define SIZEOF_VOID_P 8
| #define HAVE_FORK 1
| #define HAVE_VFORK 1
| #define HAVE_WORKING_VFORK 1
| #define HAVE_WORKING_FORK 1
| #define HAVE_STDLIB_H 1
| #define HAVE_MALLOC 1
| #define HAVE_STDLIB_H 1
| #define HAVE_UNISTD_H 1
| #define HAVE_GETPAGESIZE 1
| #define HAVE_MMAP 1
| #define HAVE_BZERO 1
| #define HAVE_FLOOR 1
| #define HAVE_GETTIMEOFDAY 1
| #define HAVE_MEMSET 1
| #define HAVE_MUNMAP 1
| #define HAVE_POW 1
| #define HAVE_SQRT 1
| #define HAVE_STRCHR 1
| #define HAVE_STRDUP 1
| #define HAVE_STRRCHR 1
| #define HAVE_STRSTR 1
| #define NEW_VIDEOFILM 1
| /* end confdefs.h.  */
| #include <GL/glu.h>
configure:14619: result: no
configure:14652: checking for GL/glu.h
configure:14659: result: no
configure:14678: checking OpenGL/glu.h usability
configure:14695: g++ -c -g -O2  conftest.cpp >&5
configure:14701: $? = 0
configure:14715: result: yes
configure:14719: checking OpenGL/glu.h presence
configure:14734: g++ -E  conftest.cpp
configure:14740: $? = 0
configure:14754: result: yes
configure:14787: checking for OpenGL/glu.h
configure:14794: result: yes
configure:14811: checking whether compiler accepts "-freg-struct-return"
configure:14820: result: yes
configure:14834: result: enabling "register struct return"
   allows to make use of FreeFrame-effects without recompiling them
   might break things, if you are using several different compilers
configure:14843: checking whether compiler accepts "-Os"
configure:14852: result: yes
configure:14911: checking whether compiler accepts "-falign-loops=32 -falign-functions=32 -falign-jumps=32 -funroll-loops"
configure:14920: result: yes
configure:14951: checking whether compiler accepts "-ffast-math"
configure:14960: result: yes
configure:15003: checking target architectures
configure:15016: result: i386
configure:15030: checking whether compiler accepts " -arch i386"
configure:15039: result: yes
configure:15055: checking whether linker accepts " -arch i386"
configure:15081: g++ -o conftest -g -O2 -freg-struct-return -Os -falign-loops=32 -falign-functions=32 -falign-jumps=32 -funroll-loops -ffast-math  -arch i386   -arch i386 -framework QuickTime -framework Carbon -framework AGL -framework OpenGL  conftest.cpp -lstdc++ -ldl -lz -lm   -lpthread -L/Applications/Pd-0.42-5.app/Contents/Resources//bin >&5
configure:15087: $? = 0
configure:15105: result: yes
configure:15121: result:  -arch i386
configure:15136: checking whether compiler accepts "-mmmx"
configure:15145: result: yes
configure:15226: checking whether compiler accepts "-fpascal-strings"
configure:15235: result: yes
configure:15252: checking whether linker accepts "-shared -Wl,--export-dynamic"
configure:15278: g++ -o conftest -g -O2 -freg-struct-return -Os -falign-loops=32 -falign-functions=32 -falign-jumps=32 -funroll-loops -ffast-math  -arch i386 -mmmx -fpascal-strings  -shared -Wl,--export-dynamic -framework QuickTime -framework Carbon -framework AGL -framework OpenGL  conftest.cpp -lstdc++ -ldl -lz -lm   -lpthread -L/Applications/Pd-0.42-5.app/Contents/Resources//bin >&5
ld: unknown option: --export-dynamic
collect2: ld returned 1 exit status
configure:15284: $? = 1
configure: failed program was:
| /* confdefs.h.  */
| #define PACKAGE_NAME "FULL-PACKAGE-NAME"
| #define PACKAGE_TARNAME "full-package-name"
| #define PACKAGE_VERSION "VERSION"
| #define PACKAGE_STRING "FULL-PACKAGE-NAME VERSION"
| #define PACKAGE_BUGREPORT "BUG-REPORT-ADDRESS"
| #define HAVE_BASE_CONFIGDARWIN_H_IN 1
| #define HAVE_LIBM 1
| #define HAVE_LIBZ 1
| #define HAVE_LIBDL 1
| #define X_DISPLAY_MISSING 1
| #define HAVE_LIBSTDC__ 1
| #define STDC_HEADERS 1
| #define HAVE_SYS_TYPES_H 1
| #define HAVE_SYS_STAT_H 1
| #define HAVE_STDLIB_H 1
| #define HAVE_STRING_H 1
| #define HAVE_MEMORY_H 1
| #define HAVE_STRINGS_H 1
| #define HAVE_INTTYPES_H 1
| #define HAVE_STDINT_H 1
| #define HAVE_UNISTD_H 1
| #define HAVE_PTHREADS 1
| #define STDC_HEADERS 1
| #define HAVE_FCNTL_H 1
| #define HAVE_FLOAT_H 1
| #define HAVE_MEMORY_H 1
| #define HAVE_STDDEF_H 1
| #define HAVE_STDLIB_H 1
| #define HAVE_STRING_H 1
| #define HAVE_STRINGS_H 1
| #define HAVE_SYS_IOCTL_H 1
| #define HAVE_SYS_TIME_H 1
| #define HAVE_TERMIOS_H 1
| #define HAVE_UNISTD_H 1
| #define HAVE_STDBOOL_H 1
| #define TIME_WITH_SYS_TIME 1
| #define SIZEOF_UNSIGNED_INT 4
| #define SIZEOF_VOID_P 8
| #define HAVE_FORK 1
| #define HAVE_VFORK 1
| #define HAVE_WORKING_VFORK 1
| #define HAVE_WORKING_FORK 1
| #define HAVE_STDLIB_H 1
| #define HAVE_MALLOC 1
| #define HAVE_STDLIB_H 1
| #define HAVE_UNISTD_H 1
| #define HAVE_GETPAGESIZE 1
| #define HAVE_MMAP 1
| #define HAVE_BZERO 1
| #define HAVE_FLOOR 1
| #define HAVE_GETTIMEOFDAY 1
| #define HAVE_MEMSET 1
| #define HAVE_MUNMAP 1
| #define HAVE_POW 1
| #define HAVE_SQRT 1
| #define HAVE_STRCHR 1
| #define HAVE_STRDUP 1
| #define HAVE_STRRCHR 1
| #define HAVE_STRSTR 1
| #define NEW_VIDEOFILM 1
| /* end confdefs.h.  */
| 
| int
| main ()
| {
| 
|   ;
|   return 0;
| }
configure:15306: result: no
configure:15314: checking whether linker accepts "-dynamiclib -mmacosx-version-min=10.3 -undefined dynamic_lookup"
configure:15340: g++ -o conftest -g -O2 -freg-struct-return -Os -falign-loops=32 -falign-functions=32 -falign-jumps=32 -funroll-loops -ffast-math  -arch i386 -mmmx -fpascal-strings  -dynamiclib -mmacosx-version-min=10.3 -undefined dynamic_lookup -framework QuickTime -framework Carbon -framework AGL -framework OpenGL  conftest.cpp -lstdc++ -ldl -lz -lm   -lpthread -L/Applications/Pd-0.42-5.app/Contents/Resources//bin >&5
configure:15346: $? = 0
configure:15364: result: yes
configure:15479: checking for strip
configure:15495: found /usr/bin/strip
configure:15506: result: strip
configure:15532: checking if strip is GNU strip
configure:15547: result: no
configure:15594: checking for dos2unix
configure:15624: result: no
configure:15751: creating ./config.status

## ---------------------- ##
## Running config.status. ##
## ---------------------- ##

This file was extended by FULL-PACKAGE-NAME config.status VERSION, which was
generated by GNU Autoconf 2.61.  Invocation command line was

  CONFIG_FILES    = 
  CONFIG_HEADERS  = 
  CONFIG_LINKS    = 
  CONFIG_COMMANDS = 
  $ ./config.status 

on Jaime-Olivers-MacBook-Pro.local

config.status:649: creating Make.config
config.status:649: creating Base/configDarwin.h
configure:16899: result:
Result:
  Target                 : Gem.pd_darwin
  Objects                : Base Controls Geos Manips Nongeos Particles Pixes openGL

Configuration:
  Compiler               : g++
  CXXFLAGS               : -g -O2 -freg-struct-return -Os -falign-loops=32 -falign-functions=32 -falign-jumps=32 -funroll-loops -ffast-math  -arch i386 -mmmx -fpascal-strings 
			 : 
  INCLUDES               :  -I/Applications/Pd-0.42-5.app/Contents/Resources//src
  DEFINES		 : 

  LIBS                   : -lstdc++ -ldl -lz -lm   -lpthread -L/Applications/Pd-0.42-5.app/Contents/Resources//bin
			 : 
  LDFLAGS		 : -dynamiclib -mmacosx-version-min=10.3 -undefined dynamic_lookup -framework QuickTime -framework Carbon -framework AGL -framework OpenGL 
			 : 

  Strip			 : strip -x

  Install path           : /usr/local

 pure-data:
  version                : 0.42
  extension              : pd_darwin

 used optional libraries:

  font-rendering         : 

  image-support
    use ImageMagick      : no
    use TIFF             : no
    use JPEG             : no
  video-support
    use mpeg             : no
    use mpeg-3           : no
    use QuickTime        : yes (framework)
    use aviplay          : no
    use gmerlin          : no
  input-support
    use v4l              : no
    use ieee1394         : no

configure:16962: result: Now run make ...

## ---------------- ##
## Cache variables. ##
## ---------------- ##

ac_cv_c_const=yes
ac_cv_c_inline=inline
ac_cv_cxx_compiler_gnu=yes
ac_cv_env_CCC_set=
ac_cv_env_CCC_value=
ac_cv_env_CPPFLAGS_set=
ac_cv_env_CPPFLAGS_value=
ac_cv_env_CXXCPP_set=
ac_cv_env_CXXCPP_value=
ac_cv_env_CXXFLAGS_set=
ac_cv_env_CXXFLAGS_value=
ac_cv_env_CXX_set=
ac_cv_env_CXX_value=
ac_cv_env_LDFLAGS_set=
ac_cv_env_LDFLAGS_value=
ac_cv_env_LIBS_set=
ac_cv_env_LIBS_value=
ac_cv_env_PKG_ARTOOLKIT_CFLAGS_set=
ac_cv_env_PKG_ARTOOLKIT_CFLAGS_value=
ac_cv_env_PKG_ARTOOLKIT_LIBS_set=
ac_cv_env_PKG_ARTOOLKIT_LIBS_value=
ac_cv_env_PKG_AVIFILE_CFLAGS_set=
ac_cv_env_PKG_AVIFILE_CFLAGS_value=
ac_cv_env_PKG_AVIFILE_LIBS_set=
ac_cv_env_PKG_AVIFILE_LIBS_value=
ac_cv_env_PKG_CONFIG_set=
ac_cv_env_PKG_CONFIG_value=
ac_cv_env_PKG_FTGL_CFLAGS_set=
ac_cv_env_PKG_FTGL_CFLAGS_value=
ac_cv_env_PKG_FTGL_LIBS_set=
ac_cv_env_PKG_FTGL_LIBS_value=
ac_cv_env_PKG_GMERLIN_AVDEC_CFLAGS_set=
ac_cv_env_PKG_GMERLIN_AVDEC_CFLAGS_value=
ac_cv_env_PKG_GMERLIN_AVDEC_LIBS_set=
ac_cv_env_PKG_GMERLIN_AVDEC_LIBS_value=
ac_cv_env_PKG_IEEE1394_CFLAGS_set=
ac_cv_env_PKG_IEEE1394_CFLAGS_value=
ac_cv_env_PKG_IEEE1394_LIBS_set=
ac_cv_env_PKG_IEEE1394_LIBS_value=
ac_cv_env_PKG_IMAGEMAGICK___CFLAGS_set=
ac_cv_env_PKG_IMAGEMAGICK___CFLAGS_value=
ac_cv_env_PKG_IMAGEMAGICK___LIBS_set=
ac_cv_env_PKG_IMAGEMAGICK___LIBS_value=
ac_cv_env_PKG_JPEG_CFLAGS_set=
ac_cv_env_PKG_JPEG_CFLAGS_value=
ac_cv_env_PKG_JPEG_LIBS_set=
ac_cv_env_PKG_JPEG_LIBS_value=
ac_cv_env_PKG_LIBMPEG3_CFLAGS_set=
ac_cv_env_PKG_LIBMPEG3_CFLAGS_value=
ac_cv_env_PKG_LIBMPEG3_LIBS_set=
ac_cv_env_PKG_LIBMPEG3_LIBS_value=
ac_cv_env_PKG_LIBQUICKTIME_CFLAGS_set=
ac_cv_env_PKG_LIBQUICKTIME_CFLAGS_value=
ac_cv_env_PKG_LIBQUICKTIME_LIBS_set=
ac_cv_env_PKG_LIBQUICKTIME_LIBS_value=
ac_cv_env_PKG_LIBV4L1_CFLAGS_set=
ac_cv_env_PKG_LIBV4L1_CFLAGS_value=
ac_cv_env_PKG_LIBV4L1_LIBS_set=
ac_cv_env_PKG_LIBV4L1_LIBS_value=
ac_cv_env_PKG_LIBV4L2_CFLAGS_set=
ac_cv_env_PKG_LIBV4L2_CFLAGS_value=
ac_cv_env_PKG_LIBV4L2_LIBS_set=
ac_cv_env_PKG_LIBV4L2_LIBS_value=
ac_cv_env_PKG_LQT_CFLAGS_set=
ac_cv_env_PKG_LQT_CFLAGS_value=
ac_cv_env_PKG_LQT_LIBS_set=
ac_cv_env_PKG_LQT_LIBS_value=
ac_cv_env_PKG_MPEG_CFLAGS_set=
ac_cv_env_PKG_MPEG_CFLAGS_value=
ac_cv_env_PKG_MPEG_LIBS_set=
ac_cv_env_PKG_MPEG_LIBS_value=
ac_cv_env_PKG_TIFF_CFLAGS_set=
ac_cv_env_PKG_TIFF_CFLAGS_value=
ac_cv_env_PKG_TIFF_LIBS_set=
ac_cv_env_PKG_TIFF_LIBS_value=
ac_cv_env_XMKMF_set=
ac_cv_env_XMKMF_value=
ac_cv_env_build_alias_set=
ac_cv_env_build_alias_value=
ac_cv_env_host_alias_set=
ac_cv_env_host_alias_value=
ac_cv_env_target_alias_set=
ac_cv_env_target_alias_value=
ac_cv_file_Base_configDarwin_h_in=yes
ac_cv_func_bzero=yes
ac_cv_func_floor=yes
ac_cv_func_fork=yes
ac_cv_func_fork_works=yes
ac_cv_func_getpagesize=yes
ac_cv_func_gettimeofday=yes
ac_cv_func_malloc_0_nonnull=yes
ac_cv_func_memset=yes
ac_cv_func_mmap_fixed_mapped=yes
ac_cv_func_munmap=yes
ac_cv_func_pow=yes
ac_cv_func_sqrt=yes
ac_cv_func_strchr=yes
ac_cv_func_strdup=yes
ac_cv_func_strrchr=yes
ac_cv_func_strstr=yes
ac_cv_func_vfork=yes
ac_cv_func_vfork_works=yes
ac_cv_header_GL_gl_h=no
ac_cv_header_GL_glu_h=no
ac_cv_header_OpenGL_gl_h=yes
ac_cv_header_OpenGL_glu_h=yes
ac_cv_header_fcntl_h=yes
ac_cv_header_float_h=yes
ac_cv_header_inttypes_h=yes
ac_cv_header_linux_videodev_h=no
ac_cv_header_m_pd_h=no
ac_cv_header_memory_h=yes
ac_cv_header_s_stuff_h=no
ac_cv_header_stdbool_h=yes
ac_cv_header_stdc=yes
ac_cv_header_stddef_h=yes
ac_cv_header_stdint_h=yes
ac_cv_header_stdlib_h=yes
ac_cv_header_string_h=yes
ac_cv_header_strings_h=yes
ac_cv_header_sys_ioctl_h=yes
ac_cv_header_sys_stat_h=yes
ac_cv_header_sys_time_h=yes
ac_cv_header_sys_types_h=yes
ac_cv_header_termios_h=yes
ac_cv_header_time=yes
ac_cv_header_unistd_h=yes
ac_cv_header_vfork_h=no
ac_cv_lib_AR_arInitCparam=no
ac_cv_lib_Magickpp_main=no
ac_cv_lib_aviplay_CreateIAviReadFile=no
ac_cv_lib_dl_dlopen=yes
ac_cv_lib_dv_main=no
ac_cv_lib_error_at_line=no
ac_cv_lib_ftgl_main=no
ac_cv_lib_gmerlin_avdec_gavl_start=no
ac_cv_lib_jpeg_jpeg_read_header=no
ac_cv_lib_libv4l1_v4l1_open=no
ac_cv_lib_libv4l2_v4l2_open=no
ac_cv_lib_m_sin=yes
ac_cv_lib_mpeg3_mpeg3_check_sig=no
ac_cv_lib_mpeg_OpenMPEG=no
ac_cv_lib_pthread_pthread_create=yes
ac_cv_lib_stdcpp_main=yes
ac_cv_lib_tiff_TIFFOpen=no
ac_cv_lib_z_main=yes
ac_cv_objext=o
ac_cv_path_EGREP='/usr/bin/grep -E'
ac_cv_path_GREP=/usr/bin/grep
ac_cv_path_install='/usr/bin/install -c'
ac_cv_prog_CXXCPP='g++ -E'
ac_cv_prog_ac_ct_CXX=g++
ac_cv_prog_ac_ct_STRIP=strip
ac_cv_prog_cxx_g=yes
ac_cv_sizeof_unsigned_int=4
ac_cv_sizeof_void_p=8
ac_cv_type__Bool=no
ac_cv_type_pid_t=yes
ac_cv_type_size_t=yes
ac_cv_type_unsigned_int=yes
ac_cv_type_void_p=yes

## ----------------- ##
## Output variables. ##
## ----------------- ##

ARCH_FLAGS=' -arch i386'
CONFIGUREFLAGS='--disable-PIC --enable-fat-binary=i386 --with-pd=/Applications/Pd-0.42-5.app/Contents/Resources/'
CPPFLAGS=''
CXX='g++'
CXXCPP='g++ -E'
CXXFLAGS='-g -O2 -freg-struct-return -Os -falign-loops=32 -falign-functions=32 -falign-jumps=32 -funroll-loops -ffast-math  -arch i386 -mmmx -fpascal-strings'
DEFINES=''
DEFS='-DHAVE_CONFIG_H'
DOS2UNIX='true'
ECHO_C='ECHO_N=''
ECHO_T=''
EGREP='/usr/bin/grep -E'
EXEEXT=''
EXT='pd_darwin'
GEM_CONFIGFILE='Base/configDarwin.h'
GEM_TARGETS='Base Controls Geos Manips Nongeos Particles Pixes openGL'
GREP='/usr/bin/grep'
INCLUDES=' -I/Applications/Pd-0.42-5.app/Contents/Resources//src'
INSTALL_DATA='${INSTALL} -m 644'
INSTALL_PROGRAM='${INSTALL}'
INSTALL_SCRIPT='${INSTALL}'
LDFLAGS='-dynamiclib -mmacosx-version-min=10.3 -undefined dynamic_lookup -framework QuickTime -framework Carbon -framework AGL -framework OpenGL '
LIBOBJS=' ${LIBOBJDIR}error$U.o'
LIBS='-lstdc++ -ldl -lz -lm   -lpthread -L/Applications/Pd-0.42-5.app/Contents/Resources//bin'
LN_S='ln -s'
LTLIBOBJS=' ${LIBOBJDIR}error$U.lo'
MAKEDEP_FLAGS='-M'
NEW_VIDEOFILM=''
OBJEXT='o'
PACKAGE_BUGREPORT='BUG-REPORT-ADDRESS'
PACKAGE_NAME='FULL-PACKAGE-NAME'
PACKAGE_STRING='FULL-PACKAGE-NAME VERSION'
PACKAGE_TARNAME='full-package-name'
PACKAGE_VERSION='VERSION'
PATH_SEPARATOR=':'
PKG_ARTOOLKIT_CFLAGS=''
PKG_ARTOOLKIT_LIBS=''
PKG_AVIFILE_CFLAGS=''
PKG_AVIFILE_LIBS=''
PKG_CFLAGS=''
PKG_CONFIG=''
PKG_FTGL_CFLAGS=''
PKG_FTGL_LIBS=''
PKG_GMERLIN_AVDEC_CFLAGS=''
PKG_GMERLIN_AVDEC_LIBS=''
PKG_IEEE1394_CFLAGS=''
PKG_IEEE1394_LIBS=''
PKG_IMAGEMAGICK___CFLAGS=''
PKG_IMAGEMAGICK___LIBS=''
PKG_JPEG_CFLAGS=''
PKG_JPEG_LIBS=''
PKG_LIBMPEG3_CFLAGS=''
PKG_LIBMPEG3_LIBS=''
PKG_LIBQUICKTIME_CFLAGS=''
PKG_LIBQUICKTIME_LIBS=''
PKG_LIBS=''
PKG_LIBV4L1_CFLAGS=''
PKG_LIBV4L1_LIBS=''
PKG_LIBV4L2_CFLAGS=''
PKG_LIBV4L2_LIBS=''
PKG_LQT_CFLAGS=''
PKG_LQT_LIBS=''
PKG_MPEG_CFLAGS=''
PKG_MPEG_LIBS=''
PKG_TIFF_CFLAGS=''
PKG_TIFF_LIBS=''
REFERENCEPATH='extra/Gem'
SHELL='/bin/sh'
STRIP='strip'
STRIP_ALL=''
STRIP_UNNEEDED='-x'
XMKMF=''
X_CFLAGS=''
X_EXTRA_LIBS=''
X_LIBS=''
X_PRE_LIBS=''
ac_ct_CXX='g++'
bindir='${exec_prefix}/bin'
build_alias=''
datadir='${datarootdir}'
datarootdir='${prefix}/share'
docdir='${datarootdir}/doc/${PACKAGE_TARNAME}'
dvidir='${docdir}'
exec_prefix='${prefix}'
host_alias=''
htmldir='${docdir}'
includedir='${prefix}/include'
infodir='${datarootdir}/info'
libdir='${exec_prefix}/lib'
libexecdir='${exec_prefix}/libexec'
localedir='${datarootdir}/locale'
localstatedir='${prefix}/var'
mandir='${datarootdir}/man'
oldincludedir='/usr/include'
pdfdir='${docdir}'
prefix='/usr/local'
program_transform_name='s,x,x,'
psdir='${docdir}'
sbindir='${exec_prefix}/sbin'
sharedstatedir='${prefix}/com'
sysconfdir='${prefix}/etc'
target_alias=''

## ----------- ##
## confdefs.h. ##
## ----------- ##

#define PACKAGE_NAME "FULL-PACKAGE-NAME"
#define PACKAGE_TARNAME "full-package-name"
#define PACKAGE_VERSION "VERSION"
#define PACKAGE_STRING "FULL-PACKAGE-NAME VERSION"
#define PACKAGE_BUGREPORT "BUG-REPORT-ADDRESS"
#define HAVE_BASE_CONFIGDARWIN_H_IN 1
#define HAVE_LIBM 1
#define HAVE_LIBZ 1
#define HAVE_LIBDL 1
#define X_DISPLAY_MISSING 1
#define HAVE_LIBSTDC__ 1
#define STDC_HEADERS 1
#define HAVE_SYS_TYPES_H 1
#define HAVE_SYS_STAT_H 1
#define HAVE_STDLIB_H 1
#define HAVE_STRING_H 1
#define HAVE_MEMORY_H 1
#define HAVE_STRINGS_H 1
#define HAVE_INTTYPES_H 1
#define HAVE_STDINT_H 1
#define HAVE_UNISTD_H 1
#define HAVE_PTHREADS 1
#define STDC_HEADERS 1
#define HAVE_FCNTL_H 1
#define HAVE_FLOAT_H 1
#define HAVE_MEMORY_H 1
#define HAVE_STDDEF_H 1
#define HAVE_STDLIB_H 1
#define HAVE_STRING_H 1
#define HAVE_STRINGS_H 1
#define HAVE_SYS_IOCTL_H 1
#define HAVE_SYS_TIME_H 1
#define HAVE_TERMIOS_H 1
#define HAVE_UNISTD_H 1
#define HAVE_STDBOOL_H 1
#define TIME_WITH_SYS_TIME 1
#define SIZEOF_UNSIGNED_INT 4
#define SIZEOF_VOID_P 8
#define HAVE_FORK 1
#define HAVE_VFORK 1
#define HAVE_WORKING_VFORK 1
#define HAVE_WORKING_FORK 1
#define HAVE_STDLIB_H 1
#define HAVE_MALLOC 1
#define HAVE_STDLIB_H 1
#define HAVE_UNISTD_H 1
#define HAVE_GETPAGESIZE 1
#define HAVE_MMAP 1
#define HAVE_BZERO 1
#define HAVE_FLOOR 1
#define HAVE_GETTIMEOFDAY 1
#define HAVE_MEMSET 1
#define HAVE_MUNMAP 1
#define HAVE_POW 1
#define HAVE_SQRT 1
#define HAVE_STRCHR 1
#define HAVE_STRDUP 1
#define HAVE_STRRCHR 1
#define HAVE_STRSTR 1
#define NEW_VIDEOFILM 1

configure: exit 0
