This file contains any messages produced by compilers while
running configure, to aid debugging if configure makes a mistake.

It was created by configure, which was
generated by GNU Autoconf 2.59.  Invocation command line was

  $ ./configure 

## --------- ##
## Platform. ##
## --------- ##

hostname = Jaime-Olivers-MacBook-Pro.local
uname -m = i386
uname -r = 10.0.0
uname -s = Darwin
uname -v = Darwin Kernel Version 10.0.0: Fri Jul 31 22:47:34 PDT 2009; root:xnu-1456.1.25~1/RELEASE_I386

/usr/bin/uname -p = i386
/bin/uname -X     = unknown

/bin/arch              = unknown
/usr/bin/arch -k       = unknown
/usr/convex/getsysinfo = unknown
hostinfo               = Mach kernel version:
	 Darwin Kernel Version 10.0.0: Fri Jul 31 22:47:34 PDT 2009; root:xnu-1456.1.25~1/RELEASE_I386
Kernel configured for up to 2 processors.
2 processors are physically available.
2 processors are logically available.
Processor type: i486 (Intel 80486)
Processors active: 0 1
Primary memory available: 2.00 gigabytes
Default processor set: 59 tasks, 260 threads, 2 processors
Load average: 0.44, Mach factor: 1.54
/bin/machine           = unknown
/usr/bin/oslevel       = unknown
/bin/universe          = unknown

PATH: /usr/bin
PATH: /bin
PATH: /usr/sbin
PATH: /sbin
PATH: /usr/local/bin
PATH: /usr/texbin
PATH: /usr/X11/bin


## ----------- ##
## Core tests. ##
## ----------- ##

configure:1435: checking for gcc
configure:1451: found /usr/bin/gcc
configure:1461: result: gcc
configure:1705: checking for C compiler version
configure:1708: gcc --version </dev/null >&5
i686-apple-darwin10-gcc-4.2.1 (GCC) 4.2.1 (Apple Inc. build 5646) (dot 1)
Copyright (C) 2007 Free Software Foundation, Inc.
This is free software; see the source for copying conditions.  There is NO
warranty; not even for MERCHANTABILITY or FITNESS FOR A PARTICULAR PURPOSE.

configure:1711: $? = 0
configure:1713: gcc -v </dev/null >&5
Using built-in specs.
Target: i686-apple-darwin10
Configured with: /var/tmp/gcc/gcc-5646.1~2/src/configure --disable-checking --enable-werror --prefix=/usr --mandir=/share/man --enable-languages=c,objc,c++,obj-c++ --program-transform-name=/^[cg][^.-]*$/s/$/-4.2/ --with-slibdir=/usr/lib --build=i686-apple-darwin10 --with-gxx-include-dir=/include/c++/4.2.1 --program-prefix=i686-apple-darwin10- --host=x86_64-apple-darwin10 --target=i686-apple-darwin10
Thread model: posix
gcc version 4.2.1 (Apple Inc. build 5646) (dot 1)
configure:1716: $? = 0
configure:1718: gcc -V </dev/null >&5
gcc-4.2: argument to `-V' is missing
configure:1721: $? = 1
configure:1744: checking for C compiler default output file name
configure:1747: gcc    conftest.c  >&5
configure:1750: $? = 0
configure:1796: result: a.out
configure:1801: checking whether the C compiler works
configure:1807: ./a.out
configure:1810: $? = 0
configure:1827: result: yes
configure:1834: checking whether we are cross compiling
configure:1836: result: no
configure:1839: checking for suffix of executables
configure:1841: gcc -o conftest    conftest.c  >&5
configure:1844: $? = 0
configure:1869: result: 
configure:1875: checking for suffix of object files
configure:1896: gcc -c   conftest.c >&5
configure:1899: $? = 0
configure:1921: result: o
configure:1925: checking whether we are using the GNU C compiler
configure:1949: gcc -c   conftest.c >&5
configure:1955: $? = 0
configure:1959: test -z 
			 || test ! -s conftest.err
configure:1962: $? = 0
configure:1965: test -s conftest.o
configure:1968: $? = 0
configure:1981: result: yes
configure:1987: checking whether gcc accepts -g
configure:2008: gcc -c -g  conftest.c >&5
configure:2014: $? = 0
configure:2018: test -z 
			 || test ! -s conftest.err
configure:2021: $? = 0
configure:2024: test -s conftest.o
configure:2027: $? = 0
configure:2038: result: yes
configure:2055: checking for gcc option to accept ANSI C
configure:2125: gcc  -c -g -O2  conftest.c >&5
configure:2131: $? = 0
configure:2135: test -z 
			 || test ! -s conftest.err
configure:2138: $? = 0
configure:2141: test -s conftest.o
configure:2144: $? = 0
configure:2162: result: none needed
configure:2180: gcc -c -g -O2  conftest.c >&5
conftest.c:2: error: expected '=', ',', ';', 'asm' or '__attribute__' before 'me'
configure:2186: $? = 1
configure: failed program was:
| #ifndef __cplusplus
|   choke me
| #endif
configure:2357: checking for a BSD-compatible install
configure:2412: result: /usr/bin/install -c
configure:2423: checking whether make sets $(MAKE)
configure:2443: result: yes
configure:2457: checking how to run the C preprocessor
configure:2492: gcc -E  conftest.c
configure:2498: $? = 0
configure:2530: gcc -E  conftest.c
conftest.c:9:28: error: ac_nonexistent.h: No such file or directory
configure:2536: $? = 1
configure: failed program was:
| /* confdefs.h.  */
| 
| #define PACKAGE_NAME ""
| #define PACKAGE_TARNAME ""
| #define PACKAGE_VERSION ""
| #define PACKAGE_STRING ""
| #define PACKAGE_BUGREPORT ""
| /* end confdefs.h.  */
| #include <ac_nonexistent.h>
configure:2575: result: gcc -E
configure:2599: gcc -E  conftest.c
configure:2605: $? = 0
configure:2637: gcc -E  conftest.c
conftest.c:9:28: error: ac_nonexistent.h: No such file or directory
configure:2643: $? = 1
configure: failed program was:
| /* confdefs.h.  */
| 
| #define PACKAGE_NAME ""
| #define PACKAGE_TARNAME ""
| #define PACKAGE_VERSION ""
| #define PACKAGE_STRING ""
| #define PACKAGE_BUGREPORT ""
| /* end confdefs.h.  */
| #include <ac_nonexistent.h>
configure:2688: checking for an ANSI C-conforming const
configure:2755: gcc -c -g -O2  conftest.c >&5
configure:2761: $? = 0
configure:2765: test -z 
			 || test ! -s conftest.err
configure:2768: $? = 0
configure:2771: test -s conftest.o
configure:2774: $? = 0
configure:2785: result: yes
configure:2796: checking for egrep
configure:2806: result: grep -E
configure:2811: checking for ANSI C header files
configure:2836: gcc -c -g -O2  conftest.c >&5
configure:2842: $? = 0
configure:2846: test -z 
			 || test ! -s conftest.err
configure:2849: $? = 0
configure:2852: test -s conftest.o
configure:2855: $? = 0
configure:2944: gcc -o conftest -g -O2   conftest.c  >&5
conftest.c: In function 'main':
conftest.c:26: warning: incompatible implicit declaration of built-in function 'exit'
configure:2947: $? = 0
configure:2949: ./conftest
configure:2952: $? = 0
configure:2967: result: yes
configure:2991: checking for sys/types.h
configure:3007: gcc -c -g -O2  conftest.c >&5
configure:3013: $? = 0
configure:3017: test -z 
			 || test ! -s conftest.err
configure:3020: $? = 0
configure:3023: test -s conftest.o
configure:3026: $? = 0
configure:3037: result: yes
configure:2991: checking for sys/stat.h
configure:3007: gcc -c -g -O2  conftest.c >&5
configure:3013: $? = 0
configure:3017: test -z 
			 || test ! -s conftest.err
configure:3020: $? = 0
configure:3023: test -s conftest.o
configure:3026: $? = 0
configure:3037: result: yes
configure:2991: checking for stdlib.h
configure:3007: gcc -c -g -O2  conftest.c >&5
configure:3013: $? = 0
configure:3017: test -z 
			 || test ! -s conftest.err
configure:3020: $? = 0
configure:3023: test -s conftest.o
configure:3026: $? = 0
configure:3037: result: yes
configure:2991: checking for string.h
configure:3007: gcc -c -g -O2  conftest.c >&5
configure:3013: $? = 0
configure:3017: test -z 
			 || test ! -s conftest.err
configure:3020: $? = 0
configure:3023: test -s conftest.o
configure:3026: $? = 0
configure:3037: result: yes
configure:2991: checking for memory.h
configure:3007: gcc -c -g -O2  conftest.c >&5
configure:3013: $? = 0
configure:3017: test -z 
			 || test ! -s conftest.err
configure:3020: $? = 0
configure:3023: test -s conftest.o
configure:3026: $? = 0
configure:3037: result: yes
configure:2991: checking for strings.h
configure:3007: gcc -c -g -O2  conftest.c >&5
configure:3013: $? = 0
configure:3017: test -z 
			 || test ! -s conftest.err
configure:3020: $? = 0
configure:3023: test -s conftest.o
configure:3026: $? = 0
configure:3037: result: yes
configure:2991: checking for inttypes.h
configure:3007: gcc -c -g -O2  conftest.c >&5
configure:3013: $? = 0
configure:3017: test -z 
			 || test ! -s conftest.err
configure:3020: $? = 0
configure:3023: test -s conftest.o
configure:3026: $? = 0
configure:3037: result: yes
configure:2991: checking for stdint.h
configure:3007: gcc -c -g -O2  conftest.c >&5
configure:3013: $? = 0
configure:3017: test -z 
			 || test ! -s conftest.err
configure:3020: $? = 0
configure:3023: test -s conftest.o
configure:3026: $? = 0
configure:3037: result: yes
configure:2991: checking for unistd.h
configure:3007: gcc -c -g -O2  conftest.c >&5
configure:3013: $? = 0
configure:3017: test -z 
			 || test ! -s conftest.err
configure:3020: $? = 0
configure:3023: test -s conftest.o
configure:3026: $? = 0
configure:3037: result: yes
configure:3049: checking for pid_t
configure:3073: gcc -c -g -O2  conftest.c >&5
configure:3079: $? = 0
configure:3083: test -z 
			 || test ! -s conftest.err
configure:3086: $? = 0
configure:3089: test -s conftest.o
configure:3092: $? = 0
configure:3103: result: yes
configure:3115: checking for size_t
configure:3139: gcc -c -g -O2  conftest.c >&5
configure:3145: $? = 0
configure:3149: test -z 
			 || test ! -s conftest.err
configure:3152: $? = 0
configure:3155: test -s conftest.o
configure:3158: $? = 0
configure:3169: result: yes
configure:3181: checking whether time.h and sys/time.h may both be included
configure:3206: gcc -c -g -O2  conftest.c >&5
configure:3212: $? = 0
configure:3216: test -z 
			 || test ! -s conftest.err
configure:3219: $? = 0
configure:3222: test -s conftest.o
configure:3225: $? = 0
configure:3236: result: yes
configure:3247: checking for ANSI C header files
configure:3403: result: yes
configure:3433: checking fcntl.h usability
configure:3445: gcc -c -g -O2  conftest.c >&5
configure:3451: $? = 0
configure:3455: test -z 
			 || test ! -s conftest.err
configure:3458: $? = 0
configure:3461: test -s conftest.o
configure:3464: $? = 0
configure:3474: result: yes
configure:3478: checking fcntl.h presence
configure:3488: gcc -E  conftest.c
configure:3494: $? = 0
configure:3514: result: yes
configure:3549: checking for fcntl.h
configure:3556: result: yes
configure:3433: checking limits.h usability
configure:3445: gcc -c -g -O2  conftest.c >&5
configure:3451: $? = 0
configure:3455: test -z 
			 || test ! -s conftest.err
configure:3458: $? = 0
configure:3461: test -s conftest.o
configure:3464: $? = 0
configure:3474: result: yes
configure:3478: checking limits.h presence
configure:3488: gcc -E  conftest.c
configure:3494: $? = 0
configure:3514: result: yes
configure:3549: checking for limits.h
configure:3556: result: yes
configure:3433: checking malloc.h usability
configure:3445: gcc -c -g -O2  conftest.c >&5
conftest.c:57:20: error: malloc.h: No such file or directory
configure:3451: $? = 1
configure: failed program was:
| /* confdefs.h.  */
| 
| #define PACKAGE_NAME ""
| #define PACKAGE_TARNAME ""
| #define PACKAGE_VERSION ""
| #define PACKAGE_STRING ""
| #define PACKAGE_BUGREPORT ""
| #define STDC_HEADERS 1
| #define HAVE_SYS_TYPES_H 1
| #define HAVE_SYS_STAT_H 1
| #define HAVE_STDLIB_H 1
| #define HAVE_STRING_H 1
| #define HAVE_MEMORY_H 1
| #define HAVE_STRINGS_H 1
| #define HAVE_INTTYPES_H 1
| #define HAVE_STDINT_H 1
| #define HAVE_UNISTD_H 1
| #define TIME_WITH_SYS_TIME 1
| #define STDC_HEADERS 1
| #define HAVE_FCNTL_H 1
| #define HAVE_LIMITS_H 1
| /* end confdefs.h.  */
| #include <stdio.h>
| #if HAVE_SYS_TYPES_H
| # include <sys/types.h>
| #endif
| #if HAVE_SYS_STAT_H
| # include <sys/stat.h>
| #endif
| #if STDC_HEADERS
| # include <stdlib.h>
| # include <stddef.h>
| #else
| # if HAVE_STDLIB_H
| #  include <stdlib.h>
| # endif
| #endif
| #if HAVE_STRING_H
| # if !STDC_HEADERS && HAVE_MEMORY_H
| #  include <memory.h>
| # endif
| # include <string.h>
| #endif
| #if HAVE_STRINGS_H
| # include <strings.h>
| #endif
| #if HAVE_INTTYPES_H
| # include <inttypes.h>
| #else
| # if HAVE_STDINT_H
| #  include <stdint.h>
| # endif
| #endif
| #if HAVE_UNISTD_H
| # include <unistd.h>
| #endif
| #include <malloc.h>
configure:3474: result: no
configure:3478: checking malloc.h presence
configure:3488: gcc -E  conftest.c
conftest.c:23:20: error: malloc.h: No such file or directory
configure:3494: $? = 1
configure: failed program was:
| /* confdefs.h.  */
| 
| #define PACKAGE_NAME ""
| #define PACKAGE_TARNAME ""
| #define PACKAGE_VERSION ""
| #define PACKAGE_STRING ""
| #define PACKAGE_BUGREPORT ""
| #define STDC_HEADERS 1
| #define HAVE_SYS_TYPES_H 1
| #define HAVE_SYS_STAT_H 1
| #define HAVE_STDLIB_H 1
| #define HAVE_STRING_H 1
| #define HAVE_MEMORY_H 1
| #define HAVE_STRINGS_H 1
| #define HAVE_INTTYPES_H 1
| #define HAVE_STDINT_H 1
| #define HAVE_UNISTD_H 1
| #define TIME_WITH_SYS_TIME 1
| #define STDC_HEADERS 1
| #define HAVE_FCNTL_H 1
| #define HAVE_LIMITS_H 1
| /* end confdefs.h.  */
| #include <malloc.h>
configure:3514: result: no
configure:3549: checking for malloc.h
configure:3556: result: no
configure:3433: checking sys/ioctl.h usability
configure:3445: gcc -c -g -O2  conftest.c >&5
configure:3451: $? = 0
configure:3455: test -z 
			 || test ! -s conftest.err
configure:3458: $? = 0
configure:3461: test -s conftest.o
configure:3464: $? = 0
configure:3474: result: yes
configure:3478: checking sys/ioctl.h presence
configure:3488: gcc -E  conftest.c
configure:3494: $? = 0
configure:3514: result: yes
configure:3549: checking for sys/ioctl.h
configure:3556: result: yes
configure:3433: checking sys/time.h usability
configure:3445: gcc -c -g -O2  conftest.c >&5
configure:3451: $? = 0
configure:3455: test -z 
			 || test ! -s conftest.err
configure:3458: $? = 0
configure:3461: test -s conftest.o
configure:3464: $? = 0
configure:3474: result: yes
configure:3478: checking sys/time.h presence
configure:3488: gcc -E  conftest.c
configure:3494: $? = 0
configure:3514: result: yes
configure:3549: checking for sys/time.h
configure:3556: result: yes
configure:3424: checking for unistd.h
configure:3429: result: yes
configure:3433: checking bstring.h usability
configure:3445: gcc -c -g -O2  conftest.c >&5
conftest.c:60:21: error: bstring.h: No such file or directory
configure:3451: $? = 1
configure: failed program was:
| /* confdefs.h.  */
| 
| #define PACKAGE_NAME ""
| #define PACKAGE_TARNAME ""
| #define PACKAGE_VERSION ""
| #define PACKAGE_STRING ""
| #define PACKAGE_BUGREPORT ""
| #define STDC_HEADERS 1
| #define HAVE_SYS_TYPES_H 1
| #define HAVE_SYS_STAT_H 1
| #define HAVE_STDLIB_H 1
| #define HAVE_STRING_H 1
| #define HAVE_MEMORY_H 1
| #define HAVE_STRINGS_H 1
| #define HAVE_INTTYPES_H 1
| #define HAVE_STDINT_H 1
| #define HAVE_UNISTD_H 1
| #define TIME_WITH_SYS_TIME 1
| #define STDC_HEADERS 1
| #define HAVE_FCNTL_H 1
| #define HAVE_LIMITS_H 1
| #define HAVE_SYS_IOCTL_H 1
| #define HAVE_SYS_TIME_H 1
| #define HAVE_UNISTD_H 1
| /* end confdefs.h.  */
| #include <stdio.h>
| #if HAVE_SYS_TYPES_H
| # include <sys/types.h>
| #endif
| #if HAVE_SYS_STAT_H
| # include <sys/stat.h>
| #endif
| #if STDC_HEADERS
| # include <stdlib.h>
| # include <stddef.h>
| #else
| # if HAVE_STDLIB_H
| #  include <stdlib.h>
| # endif
| #endif
| #if HAVE_STRING_H
| # if !STDC_HEADERS && HAVE_MEMORY_H
| #  include <memory.h>
| # endif
| # include <string.h>
| #endif
| #if HAVE_STRINGS_H
| # include <strings.h>
| #endif
| #if HAVE_INTTYPES_H
| # include <inttypes.h>
| #else
| # if HAVE_STDINT_H
| #  include <stdint.h>
| # endif
| #endif
| #if HAVE_UNISTD_H
| # include <unistd.h>
| #endif
| #include <bstring.h>
configure:3474: result: no
configure:3478: checking bstring.h presence
configure:3488: gcc -E  conftest.c
conftest.c:26:21: error: bstring.h: No such file or directory
configure:3494: $? = 1
configure: failed program was:
| /* confdefs.h.  */
| 
| #define PACKAGE_NAME ""
| #define PACKAGE_TARNAME ""
| #define PACKAGE_VERSION ""
| #define PACKAGE_STRING ""
| #define PACKAGE_BUGREPORT ""
| #define STDC_HEADERS 1
| #define HAVE_SYS_TYPES_H 1
| #define HAVE_SYS_STAT_H 1
| #define HAVE_STDLIB_H 1
| #define HAVE_STRING_H 1
| #define HAVE_MEMORY_H 1
| #define HAVE_STRINGS_H 1
| #define HAVE_INTTYPES_H 1
| #define HAVE_STDINT_H 1
| #define HAVE_UNISTD_H 1
| #define TIME_WITH_SYS_TIME 1
| #define STDC_HEADERS 1
| #define HAVE_FCNTL_H 1
| #define HAVE_LIMITS_H 1
| #define HAVE_SYS_IOCTL_H 1
| #define HAVE_SYS_TIME_H 1
| #define HAVE_UNISTD_H 1
| /* end confdefs.h.  */
| #include <bstring.h>
configure:3514: result: no
configure:3549: checking for bstring.h
configure:3556: result: no
configure:3571: checking whether gcc needs -traditional
conftest.c:26:20: error: termio.h: No such file or directory
configure:3613: result: no
configure:3620: checking return type of signal handlers
configure:3651: gcc -c -g -O2  conftest.c >&5
configure:3657: $? = 0
configure:3661: test -z 
			 || test ! -s conftest.err
configure:3664: $? = 0
configure:3667: test -s conftest.o
configure:3670: $? = 0
configure:3681: result: void
configure:3693: checking for vprintf
configure:3750: gcc -o conftest -g -O2   conftest.c  >&5
conftest.c:51: warning: conflicting types for built-in function 'vprintf'
configure:3756: $? = 0
configure:3760: test -z 
			 || test ! -s conftest.err
configure:3763: $? = 0
configure:3766: test -s conftest
configure:3769: $? = 0
configure:3781: result: yes
configure:3788: checking for _doprnt
configure:3845: gcc -o conftest -g -O2   conftest.c  >&5
Undefined symbols:
  "__doprnt", referenced from:
      _main in cc4JV8Od.o
      _f in cc4JV8Od.o
ld: symbol(s) not found
collect2: ld returned 1 exit status
configure:3851: $? = 1
configure: failed program was:
| /* confdefs.h.  */
| 
| #define PACKAGE_NAME ""
| #define PACKAGE_TARNAME ""
| #define PACKAGE_VERSION ""
| #define PACKAGE_STRING ""
| #define PACKAGE_BUGREPORT ""
| #define STDC_HEADERS 1
| #define HAVE_SYS_TYPES_H 1
| #define HAVE_SYS_STAT_H 1
| #define HAVE_STDLIB_H 1
| #define HAVE_STRING_H 1
| #define HAVE_MEMORY_H 1
| #define HAVE_STRINGS_H 1
| #define HAVE_INTTYPES_H 1
| #define HAVE_STDINT_H 1
| #define HAVE_UNISTD_H 1
| #define TIME_WITH_SYS_TIME 1
| #define STDC_HEADERS 1
| #define HAVE_FCNTL_H 1
| #define HAVE_LIMITS_H 1
| #define HAVE_SYS_IOCTL_H 1
| #define HAVE_SYS_TIME_H 1
| #define HAVE_UNISTD_H 1
| #define RETSIGTYPE void
| #define HAVE_VPRINTF 1
| /* end confdefs.h.  */
| /* Define _doprnt to an innocuous variant, in case <limits.h> declares _doprnt.
|    For example, HP-UX 11i <limits.h> declares gettimeofday.  */
| #define _doprnt innocuous__doprnt
| 
| /* System header to define __stub macros and hopefully few prototypes,
|     which can conflict with char _doprnt (); below.
|     Prefer <limits.h> to <assert.h> if __STDC__ is defined, since
|     <limits.h> exists even on freestanding compilers.  */
| 
| #ifdef __STDC__
| # include <limits.h>
| #else
| # include <assert.h>
| #endif
| 
| #undef _doprnt
| 
| /* Override any gcc2 internal prototype to avoid an error.  */
| #ifdef __cplusplus
| extern "C"
| {
| #endif
| /* We use char because int might match the return type of a gcc2
|    builtin and then its argument prototype would still apply.  */
| char _doprnt ();
| /* The GNU C library defines this for functions which it implements
|     to always fail with ENOSYS.  Some functions are actually named
|     something starting with __ and the normal name is an alias.  */
| #if defined (__stub__doprnt) || defined (__stub____doprnt)
| choke me
| #else
| char (*f) () = _doprnt;
| #endif
| #ifdef __cplusplus
| }
| #endif
| 
| int
| main ()
| {
| return f != _doprnt;
|   ;
|   return 0;
| }
configure:3876: result: no
configure:3897: checking for gettimeofday
configure:3954: gcc -o conftest -g -O2   conftest.c  >&5
configure:3960: $? = 0
configure:3964: test -z 
			 || test ! -s conftest.err
configure:3967: $? = 0
configure:3970: test -s conftest
configure:3973: $? = 0
configure:3985: result: yes
configure:3897: checking for select
configure:3954: gcc -o conftest -g -O2   conftest.c  >&5
configure:3960: $? = 0
configure:3964: test -z 
			 || test ! -s conftest.err
configure:3967: $? = 0
configure:3970: test -s conftest
configure:3973: $? = 0
configure:3985: result: yes
configure:3897: checking for socket
configure:3954: gcc -o conftest -g -O2   conftest.c  >&5
configure:3960: $? = 0
configure:3964: test -z 
			 || test ! -s conftest.err
configure:3967: $? = 0
configure:3970: test -s conftest
configure:3973: $? = 0
configure:3985: result: yes
configure:3897: checking for strerror
configure:3954: gcc -o conftest -g -O2   conftest.c  >&5
configure:3960: $? = 0
configure:3964: test -z 
			 || test ! -s conftest.err
configure:3967: $? = 0
configure:3970: test -s conftest
configure:3973: $? = 0
configure:3985: result: yes
configure:3997: checking for working alloca.h
configure:4018: gcc -o conftest -g -O2   conftest.c  >&5
configure:4024: $? = 0
configure:4028: test -z 
			 || test ! -s conftest.err
configure:4031: $? = 0
configure:4034: test -s conftest
configure:4037: $? = 0
configure:4049: result: yes
configure:4059: checking for alloca
configure:4100: gcc -o conftest -g -O2   conftest.c  >&5
configure:4106: $? = 0
configure:4110: test -z 
			 || test ! -s conftest.err
configure:4113: $? = 0
configure:4116: test -s conftest
configure:4119: $? = 0
configure:4131: result: yes
configure:4355: checking for dlopen in -ldl
configure:4385: gcc -o conftest -g -O2   conftest.c -ldl   >&5
configure:4391: $? = 0
configure:4395: test -z 
			 || test ! -s conftest.err
configure:4398: $? = 0
configure:4401: test -s conftest
configure:4404: $? = 0
configure:4417: result: yes
configure:4426: checking for sin in -lffm
configure:4456: gcc -o conftest -g -O2   conftest.c -lffm   >&5
conftest.c:41: warning: conflicting types for built-in function 'sin'
ld: library not found for -lffm
collect2: ld returned 1 exit status
configure:4462: $? = 1
configure: failed program was:
| /* confdefs.h.  */
| 
| #define PACKAGE_NAME ""
| #define PACKAGE_TARNAME ""
| #define PACKAGE_VERSION ""
| #define PACKAGE_STRING ""
| #define PACKAGE_BUGREPORT ""
| #define STDC_HEADERS 1
| #define HAVE_SYS_TYPES_H 1
| #define HAVE_SYS_STAT_H 1
| #define HAVE_STDLIB_H 1
| #define HAVE_STRING_H 1
| #define HAVE_MEMORY_H 1
| #define HAVE_STRINGS_H 1
| #define HAVE_INTTYPES_H 1
| #define HAVE_STDINT_H 1
| #define HAVE_UNISTD_H 1
| #define TIME_WITH_SYS_TIME 1
| #define STDC_HEADERS 1
| #define HAVE_FCNTL_H 1
| #define HAVE_LIMITS_H 1
| #define HAVE_SYS_IOCTL_H 1
| #define HAVE_SYS_TIME_H 1
| #define HAVE_UNISTD_H 1
| #define RETSIGTYPE void
| #define HAVE_VPRINTF 1
| #define HAVE_GETTIMEOFDAY 1
| #define HAVE_SELECT 1
| #define HAVE_SOCKET 1
| #define HAVE_STRERROR 1
| #define HAVE_ALLOCA_H 1
| #define HAVE_ALLOCA 1
| /* end confdefs.h.  */
| 
| /* Override any gcc2 internal prototype to avoid an error.  */
| #ifdef __cplusplus
| extern "C"
| #endif
| /* We use char because int might match the return type of a gcc2
|    builtin and then its argument prototype would still apply.  */
| char sin ();
| int
| main ()
| {
| sin ();
|   ;
|   return 0;
| }
configure:4488: result: no
configure:4495: checking for sin in -lm
configure:4525: gcc -o conftest -g -O2   conftest.c -lm   >&5
conftest.c:41: warning: conflicting types for built-in function 'sin'
configure:4531: $? = 0
configure:4535: test -z 
			 || test ! -s conftest.err
configure:4538: $? = 0
configure:4541: test -s conftest
configure:4544: $? = 0
configure:4557: result: yes
configure:4566: checking for pthread_create in -lpthread
configure:4596: gcc -o conftest -g -O2   conftest.c -lpthread   >&5
configure:4602: $? = 0
configure:4606: test -z 
			 || test ! -s conftest.err
configure:4609: $? = 0
configure:4612: test -s conftest
configure:4615: $? = 0
configure:4628: result: yes
configure:4932: checking tcl.h usability
configure:4944: gcc -c -g -O2  conftest.c >&5
configure:4950: $? = 0
configure:4954: test -z 
			 || test ! -s conftest.err
configure:4957: $? = 0
configure:4960: test -s conftest.o
configure:4963: $? = 0
configure:4973: result: yes
configure:4977: checking tcl.h presence
configure:4987: gcc -E  conftest.c
configure:4993: $? = 0
configure:5013: result: yes
configure:5048: checking for tcl.h
configure:5055: result: yes
configure:6088: checking for main in -ltcl85
configure:6112: gcc -o conftest -g -O2   conftest.c -ltcl85   >&5
ld: library not found for -ltcl85
collect2: ld returned 1 exit status
configure:6118: $? = 1
configure: failed program was:
| /* confdefs.h.  */
| 
| #define PACKAGE_NAME ""
| #define PACKAGE_TARNAME ""
| #define PACKAGE_VERSION ""
| #define PACKAGE_STRING ""
| #define PACKAGE_BUGREPORT ""
| #define STDC_HEADERS 1
| #define HAVE_SYS_TYPES_H 1
| #define HAVE_SYS_STAT_H 1
| #define HAVE_STDLIB_H 1
| #define HAVE_STRING_H 1
| #define HAVE_MEMORY_H 1
| #define HAVE_STRINGS_H 1
| #define HAVE_INTTYPES_H 1
| #define HAVE_STDINT_H 1
| #define HAVE_UNISTD_H 1
| #define TIME_WITH_SYS_TIME 1
| #define STDC_HEADERS 1
| #define HAVE_FCNTL_H 1
| #define HAVE_LIMITS_H 1
| #define HAVE_SYS_IOCTL_H 1
| #define HAVE_SYS_TIME_H 1
| #define HAVE_UNISTD_H 1
| #define RETSIGTYPE void
| #define HAVE_VPRINTF 1
| #define HAVE_GETTIMEOFDAY 1
| #define HAVE_SELECT 1
| #define HAVE_SOCKET 1
| #define HAVE_STRERROR 1
| #define HAVE_ALLOCA_H 1
| #define HAVE_ALLOCA 1
| /* end confdefs.h.  */
| 
| 
| int
| main ()
| {
| main ();
|   ;
|   return 0;
| }
configure:6144: result: no
configure:6155: checking for main in -ltcl8.5
configure:6179: gcc -o conftest -g -O2   conftest.c -ltcl8.5   >&5
configure:6185: $? = 0
configure:6189: test -z 
			 || test ! -s conftest.err
configure:6192: $? = 0
configure:6195: test -s conftest
configure:6198: $? = 0
configure:6211: result: yes
configure:6573: checking for main in -ltk85
configure:6597: gcc -o conftest -g -O2   conftest.c -ltk85  -ltcl8.5  >&5
ld: library not found for -ltk85
collect2: ld returned 1 exit status
configure:6603: $? = 1
configure: failed program was:
| /* confdefs.h.  */
| 
| #define PACKAGE_NAME ""
| #define PACKAGE_TARNAME ""
| #define PACKAGE_VERSION ""
| #define PACKAGE_STRING ""
| #define PACKAGE_BUGREPORT ""
| #define STDC_HEADERS 1
| #define HAVE_SYS_TYPES_H 1
| #define HAVE_SYS_STAT_H 1
| #define HAVE_STDLIB_H 1
| #define HAVE_STRING_H 1
| #define HAVE_MEMORY_H 1
| #define HAVE_STRINGS_H 1
| #define HAVE_INTTYPES_H 1
| #define HAVE_STDINT_H 1
| #define HAVE_UNISTD_H 1
| #define TIME_WITH_SYS_TIME 1
| #define STDC_HEADERS 1
| #define HAVE_FCNTL_H 1
| #define HAVE_LIMITS_H 1
| #define HAVE_SYS_IOCTL_H 1
| #define HAVE_SYS_TIME_H 1
| #define HAVE_UNISTD_H 1
| #define RETSIGTYPE void
| #define HAVE_VPRINTF 1
| #define HAVE_GETTIMEOFDAY 1
| #define HAVE_SELECT 1
| #define HAVE_SOCKET 1
| #define HAVE_STRERROR 1
| #define HAVE_ALLOCA_H 1
| #define HAVE_ALLOCA 1
| #define HAVE_LIBTCL8_5 1
| /* end confdefs.h.  */
| 
| 
| int
| main ()
| {
| main ();
|   ;
|   return 0;
| }
configure:6629: result: no
configure:6640: checking for main in -ltk8.5
configure:6664: gcc -o conftest -g -O2   conftest.c -ltk8.5  -ltcl8.5  >&5
configure:6670: $? = 0
configure:6674: test -z 
			 || test ! -s conftest.err
configure:6677: $? = 0
configure:6680: test -s conftest
configure:6683: $? = 0
configure:6696: result: yes
configure:7583: checking for special C compiler options needed for large files
configure:7682: result: no
configure:7688: checking for _FILE_OFFSET_BITS value needed for large files
configure:7719: gcc -c -g -O2 -DDL_OPEN -DMACOSX -DUNISTD -I/usr/X11R6/include         -I../portaudio/include -I../portaudio/src/common         -I../portaudio/src/os/mac_osx/         -I../portmidi/pm_common -I../portmidi/pm_mac         -I../portmidi/porttime         -DUSEAPI_PORTAUDIO -DPA19 -DPA_USE_COREAUDIO -DNEWBUFFER conftest.c >&5
configure:7725: $? = 0
configure:7729: test -z 
			 || test ! -s conftest.err
configure:7732: $? = 0
configure:7735: test -s conftest.o
configure:7738: $? = 0
configure:7803: result: no
configure:7813: checking for _LARGE_FILES value needed for large files
configure:7844: gcc -c -g -O2 -DDL_OPEN -DMACOSX -DUNISTD -I/usr/X11R6/include         -I../portaudio/include -I../portaudio/src/common         -I../portaudio/src/os/mac_osx/         -I../portmidi/pm_common -I../portmidi/pm_mac         -I../portmidi/porttime         -DUSEAPI_PORTAUDIO -DPA19 -DPA_USE_COREAUDIO -DNEWBUFFER conftest.c >&5
configure:7850: $? = 0
configure:7854: test -z 
			 || test ! -s conftest.err
configure:7857: $? = 0
configure:7860: test -s conftest.o
configure:7863: $? = 0
configure:7928: result: no
configure:7966: gcc -o conftest -g -O2 -DDL_OPEN -DMACOSX -DUNISTD -I/usr/X11R6/include         -I../portaudio/include -I../portaudio/src/common         -I../portaudio/src/os/mac_osx/         -I../portmidi/pm_common -I../portmidi/pm_mac         -I../portmidi/porttime         -DUSEAPI_PORTAUDIO -DPA19 -DPA_USE_COREAUDIO -DNEWBUFFER -Wl -framework CoreAudio         -framework AudioUnit -framework AudioToolbox         -framework Carbon -framework CoreMIDI -arch i386 -arch ppc conftest.c -ltk8.5 -ltcl8.5  >&5
cc1: error: unrecognized command line option "-Wl"
cc1: error: unrecognized command line option "-Wl"
lipo: can't figure out the architecture type of: /var/folders/ld/ldqT7xLHF4m2XBZUulCYWE+++TI/-Tmp-//ccvWSdNZ.out
configure:7972: $? = 1
configure: failed program was:
| /* confdefs.h.  */
| 
| #define PACKAGE_NAME ""
| #define PACKAGE_TARNAME ""
| #define PACKAGE_VERSION ""
| #define PACKAGE_STRING ""
| #define PACKAGE_BUGREPORT ""
| #define STDC_HEADERS 1
| #define HAVE_SYS_TYPES_H 1
| #define HAVE_SYS_STAT_H 1
| #define HAVE_STDLIB_H 1
| #define HAVE_STRING_H 1
| #define HAVE_MEMORY_H 1
| #define HAVE_STRINGS_H 1
| #define HAVE_INTTYPES_H 1
| #define HAVE_STDINT_H 1
| #define HAVE_UNISTD_H 1
| #define TIME_WITH_SYS_TIME 1
| #define STDC_HEADERS 1
| #define HAVE_FCNTL_H 1
| #define HAVE_LIMITS_H 1
| #define HAVE_SYS_IOCTL_H 1
| #define HAVE_SYS_TIME_H 1
| #define HAVE_UNISTD_H 1
| #define RETSIGTYPE void
| #define HAVE_VPRINTF 1
| #define HAVE_GETTIMEOFDAY 1
| #define HAVE_SELECT 1
| #define HAVE_SOCKET 1
| #define HAVE_STRERROR 1
| #define HAVE_ALLOCA_H 1
| #define HAVE_ALLOCA 1
| #define HAVE_LIBTCL8_5 1
| #define HAVE_LIBTK8_5 1
| /* end confdefs.h.  */
| 
|                                         #define _LARGEFILE64_SOURCE
|                                         #include <sys/types.h>
|                                         #include <sys/stat.h>
|                                         #include <fcntl.h>
| 
| int
| main ()
| {
|  open64(0,0);
|   ;
|   return 0;
| }
configure:8135: creating ./config.status

## ---------------------- ##
## Running config.status. ##
## ---------------------- ##

This file was extended by config.status, which was
generated by GNU Autoconf 2.59.  Invocation command line was

  CONFIG_FILES    = 
  CONFIG_HEADERS  = 
  CONFIG_LINKS    = 
  CONFIG_COMMANDS = 
  $ ./config.status 

on Jaime-Olivers-MacBook-Pro.local

config.status:663: creating makefile

## ---------------- ##
## Cache variables. ##
## ---------------- ##

ac_cv_c_compiler_gnu=yes
ac_cv_c_const=yes
ac_cv_env_CC_set=
ac_cv_env_CC_value=
ac_cv_env_CFLAGS_set=
ac_cv_env_CFLAGS_value=
ac_cv_env_CPPFLAGS_set=
ac_cv_env_CPPFLAGS_value=
ac_cv_env_CPP_set=
ac_cv_env_CPP_value=
ac_cv_env_LDFLAGS_set=
ac_cv_env_LDFLAGS_value=
ac_cv_env_build_alias_set=
ac_cv_env_build_alias_value=
ac_cv_env_host_alias_set=
ac_cv_env_host_alias_value=
ac_cv_env_target_alias_set=
ac_cv_env_target_alias_value=
ac_cv_exeext=
ac_cv_func__doprnt=no
ac_cv_func_alloca_works=yes
ac_cv_func_gettimeofday=yes
ac_cv_func_select=yes
ac_cv_func_socket=yes
ac_cv_func_strerror=yes
ac_cv_func_vprintf=yes
ac_cv_header_bstring_h=no
ac_cv_header_fcntl_h=yes
ac_cv_header_inttypes_h=yes
ac_cv_header_limits_h=yes
ac_cv_header_malloc_h=no
ac_cv_header_memory_h=yes
ac_cv_header_stdc=yes
ac_cv_header_stdint_h=yes
ac_cv_header_stdlib_h=yes
ac_cv_header_string_h=yes
ac_cv_header_strings_h=yes
ac_cv_header_sys_ioctl_h=yes
ac_cv_header_sys_stat_h=yes
ac_cv_header_sys_time_h=yes
ac_cv_header_sys_types_h=yes
ac_cv_header_tcl_h=yes
ac_cv_header_time=yes
ac_cv_header_unistd_h=yes
ac_cv_lib_dl_dlopen=yes
ac_cv_lib_ffm_sin=no
ac_cv_lib_m_sin=yes
ac_cv_lib_pthread_pthread_create=yes
ac_cv_lib_tcl85_main=no
ac_cv_lib_tcl8_5_main=yes
ac_cv_lib_tk85_main=no
ac_cv_lib_tk8_5_main=yes
ac_cv_objext=o
ac_cv_path_install='/usr/bin/install -c'
ac_cv_prog_CPP='gcc -E'
ac_cv_prog_ac_ct_CC=gcc
ac_cv_prog_cc_g=yes
ac_cv_prog_cc_stdc=
ac_cv_prog_egrep='grep -E'
ac_cv_prog_gcc_traditional=no
ac_cv_prog_make_make_set=yes
ac_cv_sys_file_offset_bits=no
ac_cv_sys_large_files=no
ac_cv_sys_largefile_CC=no
ac_cv_type_pid_t=yes
ac_cv_type_signal=void
ac_cv_type_size_t=yes
ac_cv_working_alloca_h=yes

## ----------------- ##
## Output variables. ##
## ----------------- ##

ALLOCA=''
ASIOSRC=''
CC='gcc'
CFLAGS='-g -O2'
CPP='gcc -E'
CPPFLAGS='-DDL_OPEN -DMACOSX -DUNISTD -I/usr/X11R6/include         -I../portaudio/include -I../portaudio/src/common         -I../portaudio/src/os/mac_osx/         -I../portmidi/pm_common -I../portmidi/pm_mac         -I../portmidi/porttime         -DUSEAPI_PORTAUDIO -DPA19 -DPA_USE_COREAUDIO -DNEWBUFFER'
DEFS='-DPACKAGE_NAME=\"\" -DPACKAGE_TARNAME=\"\" -DPACKAGE_VERSION=\"\" -DPACKAGE_STRING=\"\" -DPACKAGE_BUGREPORT=\"\" -DSTDC_HEADERS=1 -DHAVE_SYS_TYPES_H=1 -DHAVE_SYS_STAT_H=1 -DHAVE_STDLIB_H=1 -DHAVE_STRING_H=1 -DHAVE_MEMORY_H=1 -DHAVE_STRINGS_H=1 -DHAVE_INTTYPES_H=1 -DHAVE_STDINT_H=1 -DHAVE_UNISTD_H=1 -DTIME_WITH_SYS_TIME=1 -DSTDC_HEADERS=1 -DHAVE_FCNTL_H=1 -DHAVE_LIMITS_H=1 -DHAVE_SYS_IOCTL_H=1 -DHAVE_SYS_TIME_H=1 -DHAVE_UNISTD_H=1 -DRETSIGTYPE=void -DHAVE_VPRINTF=1 -DHAVE_GETTIMEOFDAY=1 -DHAVE_SELECT=1 -DHAVE_SOCKET=1 -DHAVE_STRERROR=1 -DHAVE_ALLOCA_H=1 -DHAVE_ALLOCA=1 -DHAVE_LIBTCL8_5=1 -DHAVE_LIBTK8_5=1 '
ECHO_C='ECHO_N=''
ECHO_T=''
EGREP='grep -E'
EXEEXT=''
EXT='pd_darwin'
EXTERNTARGET='d_fat'
GUIFLAGS='-F/Library/Frameworks -framework Tcl -framework Tk         -I/Library/Frameworks/Tk.framework/Versions/Current/Headers         -I/Library/Frameworks/Tcl.framework/Versions/Current/Headers         -I/Library/Frameworks/Tcl.framework/Versions/8.4/PrivateHeaders'
GUINAME='libPdTcl.dylib'
GUISRC='t_main.c t_tkcmd.c'
INSTALL_DATA='${INSTALL} -m 644'
INSTALL_PROGRAM='${INSTALL}'
INSTALL_SCRIPT='${INSTALL}'
LDFLAGS='-Wl -framework CoreAudio         -framework AudioUnit -framework AudioToolbox         -framework Carbon -framework CoreMIDI -arch i386 -arch ppc'
LIBOBJS=''
LIBS='-ltk8.5 -ltcl8.5 '
LTLIBOBJS=''
MORECFLAGS='-isysroot /Developer/SDKs/MacOSX10.4u.sdk             -arch i386 -arch ppc -Wno-error -O2'
OBJEXT='o'
OSNUMBER='2'
PACKAGE_BUGREPORT=''
PACKAGE_NAME=''
PACKAGE_STRING=''
PACKAGE_TARNAME=''
PACKAGE_VERSION=''
PATH_SEPARATOR=':'
PDLIB=' -ldl -lm -lpthread'
SET_MAKE=''
SHELL='/bin/sh'
STRIPFLAG=''
SYSSRC='s_midi_pm.c s_audio_pa.c         s_audio_pablio.c             s_audio_paring.c             ../portaudio/src/common/pa_allocation.c          ../portaudio/src/common/pa_converters.c          ../portaudio/src/common/pa_cpuload.c             ../portaudio/src/common/pa_dither.c              ../portaudio/src/common/pa_front.c               ../portaudio/src/common/pa_process.c             ../portaudio/src/common/pa_skeleton.c            ../portaudio/src/common/pa_stream.c              ../portaudio/src/common/pa_trace.c               ../portaudio/src/common/pa_debugprint.c               ../portaudio/src/common/pa_ringbuffer.c          ../portaudio/src/os/unix/pa_unix_util.c             ../portaudio/src/os/mac_osx/pa_mac_hostapis.c           ../portaudio/src/hostapi/coreaudio/pa_mac_core.c          ../portaudio/src/hostapi/coreaudio/pa_mac_core_blocking.c          ../portaudio/src/hostapi/coreaudio/pa_mac_core_utilities.c          ../portmidi/pm_mac/pmmac.c         ../portmidi/pm_mac/pmmacosxcm.c         ../portmidi/pm_common/pmutil.c         ../portmidi/pm_common/portmidi.c         ../portmidi/porttime/ptmacosx_cf.c  d_fft_mayer.c d_fftroutine.c'
TCLTK_FRAMEWORKS_PATH='/Library/Frameworks'
USE_DEBUG_CFLAGS='no'
ac_ct_CC='gcc'
alsa='yes'
binarymode='-m755'
bindir='${exec_prefix}/bin'
build_alias=''
datadir='${prefix}/share'
exec_prefix='${prefix}'
fftw='no'
host_alias=''
includedir='${prefix}/include'
infodir='${prefix}/info'
jack='no'
libdir='${exec_prefix}/lib'
libexecdir='${exec_prefix}/libexec'
localstatedir='${prefix}/var'
mandir='${prefix}/man'
oldincludedir='/usr/include'
portaudio='no'
portmidi='no'
prefix='/usr/local'
program_transform_name='s,x,x,'
sbindir='${exec_prefix}/sbin'
sharedstatedir='${prefix}/com'
sysconfdir='${prefix}/etc'
target_alias=''
tk='yes'

## ----------- ##
## confdefs.h. ##
## ----------- ##

#define HAVE_ALLOCA 1
#define HAVE_ALLOCA_H 1
#define HAVE_FCNTL_H 1
#define HAVE_GETTIMEOFDAY 1
#define HAVE_INTTYPES_H 1
#define HAVE_LIBTCL8_5 1
#define HAVE_LIBTK8_5 1
#define HAVE_LIMITS_H 1
#define HAVE_MEMORY_H 1
#define HAVE_SELECT 1
#define HAVE_SOCKET 1
#define HAVE_STDINT_H 1
#define HAVE_STDLIB_H 1
#define HAVE_STRERROR 1
#define HAVE_STRINGS_H 1
#define HAVE_STRING_H 1
#define HAVE_SYS_IOCTL_H 1
#define HAVE_SYS_STAT_H 1
#define HAVE_SYS_TIME_H 1
#define HAVE_SYS_TYPES_H 1
#define HAVE_UNISTD_H 1
#define HAVE_UNISTD_H 1
#define HAVE_VPRINTF 1
#define PACKAGE_BUGREPORT ""
#define PACKAGE_NAME ""
#define PACKAGE_STRING ""
#define PACKAGE_TARNAME ""
#define PACKAGE_VERSION ""
#define RETSIGTYPE void
#define STDC_HEADERS 1
#define STDC_HEADERS 1
#define TIME_WITH_SYS_TIME 1

configure: exit 0
